#
# A fatal error has been detected by the Java Runtime Environment:
#
#  SIGSEGV (0xb) at pc=0x00007f837889d009, pid=2965, tid=2966
#
# JRE version: OpenJDK Runtime Environment (9.0) (build 9-internal+0-2016-04-14-195246.buildd.src)
# Java VM: OpenJDK 64-Bit Server VM (9-internal+0-2016-04-14-195246.buildd.src, mixed mode, tiered, compressed oops, g1 gc, linux-amd64)
# Problematic frame:
# C  [libjava.so+0x1d009]  JNU_GetEnv+0x19
#
# Core dump will be written. Default location: Core dumps may be processed with "/usr/share/apport/apport %p %s %c %d %P" (or dumping to /home/ywu672/Downloads/RDT/core.2965)
#
# If you would like to submit a bug report, please visit:
#   http://bugreport.java.com/bugreport/crash.jsp
# The crash happened outside the Java Virtual Machine in native code.
# See problematic frame for where to report the bug.
#

---------------  S U M M A R Y ------------

Command Line: rdt-1.5.0-SNAPSHOT-jar-with-dependencies.jar -Q SMI -q CC(O)CC(=O)OC(C)CC(O)=O.O[H]>>[H]OC(=O)CC(C)O.CC(O)CC(O)=O -g -j ANNOTATE -f XML

Host: Intel(R) Core(TM) i5-7400 CPU @ 3.00GHz, 4 cores, 7G, Ubuntu 16.04.3 LTS
Time: Tue Jun  5 17:09:47 2018 CST elapsed time: 1 seconds (0d 0h 0m 1s)

---------------  T H R E A D  ---------------

Current thread (0x00007f8374011000):  JavaThread "main" [_thread_in_native, id=2966, stack(0x00007f837b603000,0x00007f837b704000)]

Stack: [0x00007f837b603000,0x00007f837b704000],  sp=0x00007f837b701010,  free space=1016k
Native frames: (J=compiled Java code, j=interpreted, Vv=VM code, C=native code)
C  [libjava.so+0x1d009]  JNU_GetEnv+0x19
C  [libfontmanager.so+0x33f8e]
C  [libfreetype.so.6+0x14d2b]  FT_Stream_Seek+0x1b

Java frames: (J=compiled Java code, j=interpreted, Vv=VM code)
j  sun.font.FreetypeFontScaler.initNativeScaler(Lsun/font/Font2D;IIZI)J+0 java.desktop@9-internal
j  sun.font.FreetypeFontScaler.<init>(Lsun/font/Font2D;IZI)V+26 java.desktop@9-internal
v  ~StubRoutines::call_stub
j  sun.reflect.NativeConstructorAccessorImpl.newInstance0(Ljava/lang/reflect/Constructor;[Ljava/lang/Object;)Ljava/lang/Object;+0 java.base@9-internal
j  sun.reflect.NativeConstructorAccessorImpl.newInstance([Ljava/lang/Object;)Ljava/lang/Object;+85 java.base@9-internal
J 950 C1  java.base@9-internal9-internal (9 bytes) @ 0x00007f835dff5f1c [0x00007f835dff5e20+0x00000000000000fc]
J 949 C1  java.base@9-internal9-internal (73 bytes) @ 0x00007f835dff53e4 [0x00007f835dff5080+0x0000000000000364]
j  sun.font.FontScaler.getScaler(Lsun/font/Font2D;IZI)Lsun/font/FontScaler;+39 java.desktop@9-internal
j  sun.font.TrueTypeFont.getScaler()Lsun/font/FontScaler;+21 java.desktop@9-internal
j  sun.font.FileFontStrike.<init>(Lsun/font/FileFont;Lsun/font/FontStrikeDesc;)V+204 java.desktop@9-internal
j  sun.font.FileFont.createStrike(Lsun/font/FontStrikeDesc;)Lsun/font/FontStrike;+18 java.desktop@9-internal
j  sun.font.Font2D.getStrike(Lsun/font/FontStrikeDesc;Z)Lsun/font/FontStrike;+92 java.desktop@9-internal
j  sun.font.Font2D.getStrike(Lsun/font/FontStrikeDesc;)Lsun/font/FontStrike;+3 java.desktop@9-internal
j  sun.font.CompositeStrike.getStrikeForSlot(I)Lsun/font/PhysicalStrike;+23 java.desktop@9-internal
j  sun.font.CompositeStrike.getFontMetrics()Lsun/font/StrikeMetrics;+31 java.desktop@9-internal
j  sun.font.FontDesignMetrics.initMatrixAndMetrics()V+28 java.desktop@9-internal
j  sun.font.FontDesignMetrics.<init>(Ljava/awt/Font;Ljava/awt/font/FontRenderContext;)V+62 java.desktop@9-internal
j  sun.font.FontDesignMetrics.getMetrics(Ljava/awt/Font;Ljava/awt/font/FontRenderContext;)Lsun/font/FontDesignMetrics;+128 java.desktop@9-internal
j  sun.java2d.SunGraphics2D.getFontMetrics()Ljava/awt/FontMetrics;+21 java.desktop@9-internal
j  uk.ac.ebi.reactionblast.graphics.direct.awtlayout.AbstractAWTLayout.getTextBounds(Ljava/awt/Graphics;Ljava/lang/String;)Ljava/awt/geom/Rectangle2D;+1
j  uk.ac.ebi.reactionblast.graphics.direct.awtlayout.LinearAtomContainerSetLayout.layout(Lorg/openscience/cdk/interfaces/IAtomContainerSet;Ljava/awt/Graphics2D;)Luk/ac/ebi/reactionblast/graphics/direct/layout/BoundsTree;+50
j  uk.ac.ebi.reactionblast.graphics.direct.awtlayout.LeftToRightAWTReactionLayout.layout(Lorg/openscience/cdk/interfaces/IReaction;Ljava/awt/Graphics2D;)Luk/ac/ebi/reactionblast/graphics/direct/layout/BoundsTree;+19
j  uk.ac.ebi.reactionblast.graphics.direct.awtlayout.LeftToRightAWTReactionLayout.layout(Ljava/lang/Object;Ljava/awt/Graphics2D;)Luk/ac/ebi/reactionblast/graphics/direct/layout/BoundsTree;+6
j  uk.ac.ebi.reactionblast.graphics.direct.DirectReactionDrawer.getExactReactionBounds(Lorg/openscience/cdk/interfaces/IReaction;Ljava/awt/Graphics2D;)Luk/ac/ebi/reactionblast/graphics/direct/layout/BoundsTree;+29
j  uk.ac.ebi.reactionblast.graphics.direct.DirectRBLastReactionDrawer.drawRBlastReaction(Luk/ac/ebi/reactionblast/mapping/helper/RBlastReaction;IILjava/awt/Graphics2D;)Ljava/awt/geom/Rectangle2D;+43
j  uk.ac.ebi.reactionblast.graphics.direct.DirectRBLastReactionDrawer.drawRBlastReaction(Luk/ac/ebi/reactionblast/mapping/helper/RBlastReaction;II)Ljava/awt/Image;+24
j  uk.ac.ebi.reactionblast.tools.ImageGenerator.drawLeftToRightReactionLayout(Ljava/io/File;Lorg/openscience/cdk/interfaces/IReaction;Ljava/lang/String;)V+246
j  uk.ac.ebi.aamtool.Helper.generateImage(Ljava/lang/String;Lorg/openscience/cdk/interfaces/IReaction;Ljava/lang/String;)Ljava/io/File;+21
j  uk.ac.ebi.aamtool.Annotator.writeFiles(Ljava/lang/String;Luk/ac/ebi/reactionblast/mechanism/ReactionMechanismTool;)Z+94
j  uk.ac.ebi.aamtool.ReactionDecoder.AnnotateTask(Lorg/apache/commons/cli/CommandLine;Lorg/apache/commons/cli/Options;)V+413
j  uk.ac.ebi.aamtool.ReactionDecoder.main([Ljava/lang/String;)V+349
v  ~StubRoutines::call_stub

siginfo: si_signo: 11 (SIGSEGV), si_code: 1 (SEGV_MAPERR), si_addr: 0x0000000000000000

Register to memory mapping:

RAX=0x0000000000000000 is an unknown value
RBX=0x0000000000000000 is an unknown value
RCX=0x0000000000000000 is an unknown value
RDX=0x0000000000010002 is an unknown value
RSP=0x00007f837b701010 is pointing into the stack for thread: 0x00007f8374011000
RBP=0x00007f837b701020 is pointing into the stack for thread: 0x00007f8374011000
RSI=0x0000000000010002 is an unknown value
RDI=0x0000000000000000 is an unknown value
R8 =0x0000000000000000 is an unknown value
R9 =0x0000000000000000 is an unknown value
R10=0x00000000000001db is an unknown value
R11=0x00007f837889cff0: JNU_GetEnv+0x0000000000000000 in /usr/lib/jvm/java-9-openjdk-amd64/lib/amd64/libjava.so at 0x00007f8378880000
R12=0x00007f83744dbe60 is an unknown value
R13=0x0000000000000000 is an unknown value
R14=0x0000000000000000 is an unknown value
R15=0x00007f837453db80 is an unknown value


Registers:
RAX=0x0000000000000000, RBX=0x0000000000000000, RCX=0x0000000000000000, RDX=0x0000000000010002
RSP=0x00007f837b701010, RBP=0x00007f837b701020, RSI=0x0000000000010002, RDI=0x0000000000000000
R8 =0x0000000000000000, R9 =0x0000000000000000, R10=0x00000000000001db, R11=0x00007f837889cff0
R12=0x00007f83744dbe60, R13=0x0000000000000000, R14=0x0000000000000000, R15=0x00007f837453db80
RIP=0x00007f837889d009, EFLAGS=0x0000000000010246, CSGSFS=0x002b000000000033, ERR=0x0000000000000004
  TRAPNO=0x000000000000000e

Top of Stack: (sp=0x00007f837b701010)
0x00007f837b701010:   0000000000000000 70634e1b4e8f5d00
0x00007f837b701020:   00007f837b701060 00007f82eae8bf8e
0x00007f837b701030:   00007f83744dc060 00007f83744dbe60
0x00007f837b701040:   0000000000000000 0000000000000000
0x00007f837b701050:   00007f83744dbe60 00007f837453db80
0x00007f837b701060:   0000000000000000 00007f82eabc2d2b
0x00007f837b701070:   0000000000000000 00007f82eae54d80
0x00007f837b701080:   0000000000000000 00007f82eabd68e0
0x00007f837b701090:   0000000000000014 0000004400000053
0x00007f837b7010a0:   0000000000000002 0000000000000000
0x00007f837b7010b0:   0000006e0000005d 0000000000000000
0x00007f837b7010c0:   0000000000000000 0000007c00000077
0x00007f837b7010d0:   0000000000000000 0000000000000000
0x00007f837b7010e0:   000000004e8b41d0 468b41e04e8b45e8
0x00007f837b7010f0:   0000000000000000 00007f8374000020
0x00007f837b701100:   0000000000000070 00007f837b7011b4
0x00007f837b701110:   00007f83744dc060 00007f837453db80
0x00007f837b701120:   00007f837b7011b4 00007f837afab184
0x00007f837b701130:   00007f837b701280 00007f837b701164
0x00007f837b701140:   00007f82eae519e0 70634e1b4e8f5d00
0x00007f837b701150:   0000000000000070 00007f837457a070
0x00007f837b701160:   00007f82eae519e0 00007f837b701278
0x00007f837b701170:   00007f83744dc060 00007f837453db80
0x00007f837b701180:   00007f83744dbec0 00007f82eabc54c2
0x00007f837b701190:   0000000100000000 00007f837b701280
0x00007f837b7011a0:   0000000000000000 0000000000000000
0x00007f837b7011b0:   000000007b701278 70634e1b4e8f5d00
0x00007f837b7011c0:   00007f837457a070 00007f837b701280
0x00007f837b7011d0:   0000000000000000 00007f83745477e8
0x00007f837b7011e0:   00007f837b701480 00007f8374547748
0x00007f837b7011f0:   00007f83744dc060 00007f82eabc7581
0x00007f837b701200:   00007f837b701280 00007f82eabc7376 

Instructions: (pc=0x00007f837889d009)
0x00007f837889cfe9:   ff eb ea 0f 1f 40 00 55 89 f2 48 89 e5 48 83 ec
0x00007f837889cff9:   10 64 48 8b 04 25 28 00 00 00 48 89 45 f8 31 c0
0x00007f837889d009:   48 8b 07 48 8d 75 f0 ff 50 30 48 8b 4d f8 64 48
0x00007f837889d019:   33 0c 25 28 00 00 00 48 8b 45 f0 75 02 c9 c3 e8 


---------------  P R O C E S S  ---------------

Java Threads: ( => current thread )
  0x00007f8374505800 JavaThread "Java2D Disposer" daemon [_thread_blocked, id=3019, stack(0x00007f83080ce000,0x00007f83081cf000)]
  0x00007f83741e8800 JavaThread "Service Thread" daemon [_thread_blocked, id=2988, stack(0x00007f83087d1000,0x00007f83088d2000)]
  0x00007f83741b5000 JavaThread "Common-Cleaner" daemon [_thread_blocked, id=2987, stack(0x00007f83088d2000,0x00007f83089d3000)]
  0x00007f837418d800 JavaThread "Sweeper thread" daemon [_thread_blocked, id=2986, stack(0x00007f830bdfe000,0x00007f830beff000)]
  0x00007f837418b800 JavaThread "C1 CompilerThread2" daemon [_thread_blocked, id=2985, stack(0x00007f830beff000,0x00007f830c000000)]
  0x00007f8374189800 JavaThread "C2 CompilerThread1" daemon [_thread_blocked, id=2984, stack(0x00007f833002b000,0x00007f833012c000)]
  0x00007f8374188000 JavaThread "C2 CompilerThread0" daemon [_thread_blocked, id=2983, stack(0x00007f833012c000,0x00007f833022d000)]
  0x00007f8374183800 JavaThread "Signal Dispatcher" daemon [_thread_blocked, id=2982, stack(0x00007f833022d000,0x00007f833032e000)]
  0x00007f8374181800 JavaThread "Surrogate Locker Thread (Concurrent GC)" daemon [_thread_blocked, id=2981, stack(0x00007f833032e000,0x00007f833042f000)]
  0x00007f8374170000 JavaThread "Finalizer" daemon [_thread_blocked, id=2980, stack(0x00007f83308ba000,0x00007f83309bb000)]
  0x00007f837416c000 JavaThread "Reference Handler" daemon [_thread_blocked, id=2979, stack(0x00007f83309bb000,0x00007f8330abc000)]
=>0x00007f8374011000 JavaThread "main" [_thread_in_native, id=2966, stack(0x00007f837b603000,0x00007f837b704000)]

Other Threads:
  0x00007f8374162000 VMThread [stack: 0x00007f8330abc000,0x00007f8330bbd000] [id=2978]
  0x00007f8374254800 WatcherThread [stack: 0x00007f83086d0000,0x00007f83087d1000] [id=2989]

Threads with active compile tasks:

VM state:not at safepoint (normal execution)

VM Mutex/Monitor currently owned by a thread: None

heap address: 0x0000000084c00000, size: 1972 MB, Compressed Oops mode: 32-bit
Narrow klass base: 0x0000000000000000, Narrow klass shift: 3
Compressed class space size: 1073741824 Address: 0x0000000100000000

Heap:
 garbage-first heap   total 25600K, used 20471K [0x0000000084c00000, 0x0000000084d000c8, 0x0000000100000000)
  region size 1024K, 9 young (9216K), 1 survivors (1024K)
 Metaspace       used 17536K, capacity 18142K, committed 18432K, reserved 1064960K
  class space    used 1840K, capacity 1974K, committed 2048K, reserved 1048576K

Heap Regions: E=young(eden), S=young(survivor), O=old, HS=humongous(starts), HC=humongous(continues), CS=collection set, F=free, A=archive, TS=gc time stamp, AC=allocation context, TAMS=top-at-mark-start (previous, next)
|   0|0x0000000084c00000, 0x0000000084cfffc0, 0x0000000084d00000| 99%| O|  |TS  0|AC  0|TAMS 0x0000000084cfffc0, 0x0000000084cfffc0|
|   1|0x0000000084d00000, 0x0000000084e00000, 0x0000000084e00000|100%| O|  |TS  0|AC  0|TAMS 0x0000000084e00000, 0x0000000084e00000|
|   2|0x0000000084e00000, 0x0000000084f00000, 0x0000000084f00000|100%|HS|  |TS  0|AC  0|TAMS 0x0000000084f00000, 0x0000000084f00000|
|   3|0x0000000084f00000, 0x0000000085000000, 0x0000000085000000|100%|HC|  |TS  0|AC  0|TAMS 0x0000000085000000, 0x0000000085000000|
|   4|0x0000000085000000, 0x00000000850ffe98, 0x0000000085100000| 99%| O|  |TS  0|AC  0|TAMS 0x00000000850ffe98, 0x00000000850ffe98|
|   5|0x0000000085100000, 0x00000000851fffe0, 0x0000000085200000| 99%| O|  |TS  0|AC  0|TAMS 0x00000000851fffe0, 0x00000000851fffe0|
|   6|0x0000000085200000, 0x00000000852ffff8, 0x0000000085300000| 99%| O|  |TS  0|AC  0|TAMS 0x00000000852ffff8, 0x00000000852ffff8|
|   7|0x0000000085300000, 0x00000000853634d0, 0x0000000085400000| 38%| O|  |TS  0|AC  0|TAMS 0x00000000853634d0, 0x00000000853634d0|
|   8|0x0000000085400000, 0x0000000085500000, 0x0000000085500000|100%|HS|  |TS  0|AC  0|TAMS 0x0000000085400000, 0x0000000085400000|
|   9|0x0000000085500000, 0x0000000085600000, 0x0000000085600000|100%|HC|  |TS  0|AC  0|TAMS 0x0000000085500000, 0x0000000085500000|
|  10|0x0000000085600000, 0x0000000085700000, 0x0000000085700000|100%|HC|  |TS  0|AC  0|TAMS 0x0000000085600000, 0x0000000085600000|
|  11|0x0000000085700000, 0x0000000085800000, 0x0000000085800000|100%|HC|  |TS  0|AC  0|TAMS 0x0000000085700000, 0x0000000085700000|
|  12|0x0000000085800000, 0x0000000085900000, 0x0000000085900000|100%|HC|  |TS  0|AC  0|TAMS 0x0000000085800000, 0x0000000085800000|
|  13|0x0000000085900000, 0x0000000085900000, 0x0000000085a00000|  0%| F|  |TS  0|AC  0|TAMS 0x0000000085900000, 0x0000000085900000|
|  14|0x0000000085a00000, 0x0000000085a00000, 0x0000000085b00000|  0%| F|  |TS  0|AC  0|TAMS 0x0000000085a00000, 0x0000000085a00000|
|  15|0x0000000085b00000, 0x0000000085b00000, 0x0000000085c00000|  0%| F|  |TS  0|AC  0|TAMS 0x0000000085b00000, 0x0000000085b00000|
|  16|0x0000000085c00000, 0x0000000085cc10b0, 0x0000000085d00000| 75%| E|  |TS  0|AC  0|TAMS 0x0000000085c00000, 0x0000000085c00000|
|  17|0x0000000085d00000, 0x0000000085e00000, 0x0000000085e00000|100%| E|CS|TS  0|AC  0|TAMS 0x0000000085d00000, 0x0000000085d00000|
|  18|0x0000000085e00000, 0x0000000085f00000, 0x0000000085f00000|100%| E|CS|TS  0|AC  0|TAMS 0x0000000085e00000, 0x0000000085e00000|
|  19|0x0000000085f00000, 0x0000000086000000, 0x0000000086000000|100%| E|CS|TS  0|AC  0|TAMS 0x0000000085f00000, 0x0000000085f00000|
|  20|0x0000000086000000, 0x0000000086100000, 0x0000000086100000|100%| E|CS|TS  0|AC  0|TAMS 0x0000000086000000, 0x0000000086000000|
|  21|0x0000000086100000, 0x000000008619a938, 0x0000000086200000| 60%| S|CS|TS  0|AC  0|TAMS 0x0000000086100000, 0x0000000086100000|
|  22|0x0000000086200000, 0x0000000086300000, 0x0000000086300000|100%| E|CS|TS  0|AC  0|TAMS 0x0000000086200000, 0x0000000086200000|
|  23|0x0000000086300000, 0x0000000086400000, 0x0000000086400000|100%| E|CS|TS  0|AC  0|TAMS 0x0000000086300000, 0x0000000086300000|
|  24|0x0000000086400000, 0x0000000086500000, 0x0000000086500000|100%| E|CS|TS  0|AC  0|TAMS 0x0000000086400000, 0x0000000086400000|

Card table byte_map: [0x00007f8337c26000,0x00007f8338000000] byte_map_base: 0x00007f8337800000

Marking Bits (Prev, Next): (CMBitMap*) 0x00007f837405fd48, (CMBitMap*) 0x00007f837405fcf0
 Prev Bits: [0x00007f8333aac000, 0x00007f833597c000)
 Next Bits: [0x00007f833597c000, 0x00007f833784c000)

Polling page: 0x00007f837b723000

CodeHeap 'non-nmethods': size=5696Kb used=1242Kb max_used=1269Kb free=4453Kb
 bounds [0x00007f835d843000, 0x00007f835dab3000, 0x00007f835ddd3000]
CodeHeap 'profiled nmethods': size=120032Kb used=6016Kb max_used=6016Kb free=114015Kb
 bounds [0x00007f835ddd3000, 0x00007f835e3c3000, 0x00007f836530b000]
CodeHeap 'non-profiled nmethods': size=120032Kb used=1101Kb max_used=1101Kb free=118930Kb
 bounds [0x00007f836530b000, 0x00007f836557b000, 0x00007f836c843000]
 total_blobs=3824 nmethods=2643 adapters=403
 compilation: enabled

Compilation events (10 events):
Event: 1.703 Thread 0x00007f837418b800 2639   !   3       java.io.RandomAccessFile::getChannel (86 bytes)
Event: 1.704 Thread 0x00007f837418b800 nmethod 2639 0x00007f835e3b0510 code [0x00007f835e3b0700, 0x00007f835e3b0f48]
Event: 1.704 Thread 0x00007f837418b800 2640       3       sun.nio.ch.FileChannelImpl::open (14 bytes)
Event: 1.704 Thread 0x00007f837418b800 nmethod 2640 0x00007f835e3b1290 code [0x00007f835e3b1420, 0x00007f835e3b1608]
Event: 1.704 Thread 0x00007f837418b800 2641       3       sun.nio.ch.FileChannelImpl::<init> (66 bytes)
Event: 1.704 Thread 0x00007f837418b800 nmethod 2641 0x00007f835e3b1710 code [0x00007f835e3b1920, 0x00007f835e3b2370]
Event: 1.704 Thread 0x00007f837418b800 2642       3       java.nio.channels.FileChannel::<init> (5 bytes)
Event: 1.704 Thread 0x00007f837418b800 nmethod 2642 0x00007f835e3b2610 code [0x00007f835e3b27a0, 0x00007f835e3b2ab0]
Event: 1.704 Thread 0x00007f837418b800 2643       3       sun.nio.ch.NativeThreadSet::<init> (17 bytes)
Event: 1.704 Thread 0x00007f837418b800 nmethod 2643 0x00007f835e3b2c10 code [0x00007f835e3b2da0, 0x00007f835e3b3050]

GC Heap History (10 events):
Event: 1.300 GC heap before
{Heap before GC invocations=16 (full 14):
 garbage-first heap   total 24576K, used 12982K [0x0000000084c00000, 0x0000000084d000c0, 0x0000000100000000)
  region size 1024K, 6 young (6144K), 1 survivors (1024K)
 Metaspace       used 14103K, capacity 14642K, committed 14720K, reserved 1062912K
  class space    used 1496K, capacity 1618K, committed 1664K, reserved 1048576K
}
Event: 1.303 GC heap after
{Heap after GC invocations=17 (full 14):
 garbage-first heap   total 24576K, used 7540K [0x0000000084c00000, 0x0000000084d000c0, 0x0000000100000000)
  region size 1024K, 1 young (1024K), 1 survivors (1024K)
 Metaspace       used 14103K, capacity 14642K, committed 14720K, reserved 1062912K
  class space    used 1496K, capacity 1618K, committed 1664K, reserved 1048576K
}
Event: 1.327 GC heap before
{Heap before GC invocations=17 (full 14):
 garbage-first heap   total 24576K, used 13684K [0x0000000084c00000, 0x0000000084d000c0, 0x0000000100000000)
  region size 1024K, 7 young (7168K), 1 survivors (1024K)
 Metaspace       used 14172K, capacity 14724K, committed 14976K, reserved 1062912K
  class space    used 1502K, capacity 1627K, committed 1664K, reserved 1048576K
}
Event: 1.329 GC heap after
{Heap after GC invocations=18 (full 14):
 garbage-first heap   total 24576K, used 7538K [0x0000000084c00000, 0x0000000084d000c0, 0x0000000100000000)
  region size 1024K, 1 young (1024K), 1 survivors (1024K)
 Metaspace       used 14172K, capacity 14724K, committed 14976K, reserved 1062912K
  class space    used 1502K, capacity 1627K, committed 1664K, reserved 1048576K
}
Event: 1.344 GC heap before
{Heap before GC invocations=18 (full 14):
 garbage-first heap   total 24576K, used 14706K [0x0000000084c00000, 0x0000000084d000c0, 0x0000000100000000)
  region size 1024K, 8 young (8192K), 1 survivors (1024K)
 Metaspace       used 14192K, capacity 14788K, committed 14976K, reserved 1062912K
  class space    used 1502K, capacity 1627K, committed 1664K, reserved 1048576K
}
Event: 1.346 GC heap after
{Heap after GC invocations=19 (full 14):
 garbage-first heap   total 75776K, used 7535K [0x0000000084c00000, 0x0000000084d00250, 0x0000000100000000)
  region size 1024K, 1 young (1024K), 1 survivors (1024K)
 Metaspace       used 14192K, capacity 14788K, committed 14976K, reserved 1062912K
  class space    used 1502K, capacity 1627K, committed 1664K, reserved 1048576K
}
Event: 1.456 GC heap before
{Heap before GC invocations=19 (full 14):
 garbage-first heap   total 75776K, used 44399K [0x0000000084c00000, 0x0000000084d00250, 0x0000000100000000)
  region size 1024K, 38 young (38912K), 1 survivors (1024K)
 Metaspace       used 14279K, capacity 14852K, committed 14976K, reserved 1062912K
  class space    used 1502K, capacity 1627K, committed 1664K, reserved 1048576K
}
Event: 1.485 GC heap after
{Heap after GC invocations=20 (full 15):
 garbage-first heap   total 25600K, used 7564K [0x0000000084c00000, 0x0000000084d000c8, 0x0000000100000000)
  region size 1024K, 0 young (0K), 0 survivors (0K)
 Metaspace       used 14279K, capacity 14852K, committed 14976K, reserved 1062912K
  class space    used 1502K, capacity 1627K, committed 1664K, reserved 1048576K
}
Event: 1.547 GC heap before
{Heap before GC invocations=20 (full 15):
 garbage-first heap   total 25600K, used 9612K [0x0000000084c00000, 0x0000000084d000c8, 0x0000000100000000)
  region size 1024K, 3 young (3072K), 0 survivors (0K)
 Metaspace       used 15358K, capacity 15966K, committed 16128K, reserved 1062912K
  class space    used 1608K, capacity 1708K, committed 1792K, reserved 1048576K
}
Event: 1.549 GC heap after
{Heap after GC invocations=21 (full 15):
 garbage-first heap   total 25600K, used 8183K [0x0000000084c00000, 0x0000000084d000c8, 0x0000000100000000)
  region size 1024K, 1 young (1024K), 1 survivors (1024K)
 Metaspace       used 15358K, capacity 15966K, committed 16128K, reserved 1062912K
  class space    used 1608K, capacity 1708K, committed 1792K, reserved 1048576K
}

Deoptimization events (10 events):
Event: 1.642 Thread 0x00007f8374011000 Uncommon trap: reason=unstable_if action=reinterpret pc=0x00007f83653439c8 method=java.lang.StringUTF16.compress([CI[BII)I @ 20
Event: 1.667 Thread 0x00007f8374011000 Uncommon trap: reason=bimorphic_or_optimized_type_check action=maybe_recompile pc=0x00007f83653b8cb8 method=java.util.Objects.equals(Ljava/lang/Object;Ljava/lang/Object;)Z @ 11
Event: 1.668 Thread 0x00007f8374011000 Uncommon trap: reason=bimorphic_or_optimized_type_check action=maybe_recompile pc=0x00007f83653b8cb8 method=java.util.Objects.equals(Ljava/lang/Object;Ljava/lang/Object;)Z @ 11
Event: 1.678 Thread 0x00007f8374011000 Uncommon trap: reason=unstable_if action=reinterpret pc=0x00007f83653a8cf0 method=java.util.LinkedHashMap.afterNodeInsertion(Z)V @ 18
Event: 1.680 Thread 0x00007f8374011000 Uncommon trap: reason=bimorphic_or_optimized_type_check action=maybe_recompile pc=0x00007f83653b8cb8 method=java.util.Objects.equals(Ljava/lang/Object;Ljava/lang/Object;)Z @ 11
Event: 1.680 Thread 0x00007f8374011000 Uncommon trap: reason=bimorphic_or_optimized_type_check action=maybe_recompile pc=0x00007f83653b8cb8 method=java.util.Objects.equals(Ljava/lang/Object;Ljava/lang/Object;)Z @ 11
Event: 1.687 Thread 0x00007f8374011000 Uncommon trap: reason=unstable_if action=reinterpret pc=0x00007f8365312020 method=java.lang.String.hashCode()I @ 20
Event: 1.687 Thread 0x00007f8374011000 Uncommon trap: reason=unstable_if action=reinterpret pc=0x00007f836531aaa0 method=java.lang.CharacterData.of(I)Ljava/lang/CharacterData; @ 4
Event: 1.691 Thread 0x00007f8374011000 Uncommon trap: reason=unstable_if action=reinterpret pc=0x00007f836533951c method=java.lang.String.equals(Ljava/lang/Object;)Z @ 34
Event: 1.703 Thread 0x00007f8374011000 Uncommon trap: reason=unstable_if action=reinterpret pc=0x00007f83653c2e1c method=java.lang.ref.SoftReference.get()Ljava/lang/Object; @ 6

Classes redefined (0 events):
No events

Internal exceptions (10 events):
Event: 0.168 Thread 0x00007f8374011000 Exception <a 'java/lang/ClassNotFoundException': java/lang/ObjectCustomizer> (0x000000008c389eb0) thrown at [/build/openjdk-9-argm_o/openjdk-9-9~b114/src/hotspot/src/share/vm/classfile/systemDictionary.cpp, line 224]
Event: 0.170 Thread 0x00007f8374011000 Exception <a 'java/lang/ArrayIndexOutOfBoundsException': 18> (0x000000008c38cc38) thrown at [/build/openjdk-9-argm_o/openjdk-9-9~b114/src/hotspot/src/share/vm/interpreter/interpreterRuntime.cpp, line 379]
Event: 0.171 Thread 0x00007f8374011000 Exception <a 'java/lang/ArrayIndexOutOfBoundsException': 22> (0x000000008c38f960) thrown at [/build/openjdk-9-argm_o/openjdk-9-9~b114/src/hotspot/src/share/vm/interpreter/interpreterRuntime.cpp, line 379]
Event: 0.171 Thread 0x00007f8374011000 Exception <a 'java/lang/ArrayIndexOutOfBoundsException': 160> (0x000000008c391900) thrown at [/build/openjdk-9-argm_o/openjdk-9-9~b114/src/hotspot/src/share/vm/interpreter/interpreterRuntime.cpp, line 379]
Event: 0.182 Thread 0x00007f8374011000 Exception <a 'java/lang/NoSuchMethodError': java.lang.Object.of([Ljava/lang/Object;)Ljava/util/stream/Stream;> (0x000000008c3bebf8) thrown at [/build/openjdk-9-argm_o/openjdk-9-9~b114/src/hotspot/src/share/vm/interpreter/linkResolver.cpp, line 728]
Event: 0.190 Thread 0x00007f8374011000 Exception <a 'java/lang/ClassNotFoundException': org/apache/log4j/LayoutCustomizer> (0x000000008c3f0dd0) thrown at [/build/openjdk-9-argm_o/openjdk-9-9~b114/src/hotspot/src/share/vm/classfile/systemDictionary.cpp, line 224]
Event: 0.191 Thread 0x00007f8374011000 Exception <a 'java/lang/ClassNotFoundException': org/apache/log4j/PatternLayoutCustomizer> (0x000000008c3ff790) thrown at [/build/openjdk-9-argm_o/openjdk-9-9~b114/src/hotspot/src/share/vm/classfile/systemDictionary.cpp, line 224]
Event: 1.514 Thread 0x00007f8374011000 Exception <a 'java/lang/ClassNotFoundException': sun/awt/resources/awtProvider> (0x00000000863908c0) thrown at [/build/openjdk-9-argm_o/openjdk-9-9~b114/src/hotspot/src/share/vm/classfile/systemDictionary.cpp, line 224]
Event: 1.522 Thread 0x00007f8374011000 Exception <a 'java/io/FileNotFoundException'> (0x00000000863a1598) thrown at [/build/openjdk-9-argm_o/openjdk-9-9~b114/src/hotspot/src/share/vm/prims/jni.cpp, line 605]
Event: 1.522 Thread 0x00007f8374011000 Exception <a 'java/io/FileNotFoundException'> (0x00000000863a4028) thrown at [/build/openjdk-9-argm_o/openjdk-9-9~b114/src/hotspot/src/share/vm/prims/jni.cpp, line 605]

Events (10 events):
Event: 1.704 loading class sun/font/StrikeCache$SoftDisposerRef
Event: 1.704 loading class sun/font/StrikeCache$DisposableStrike
Event: 1.704 loading class sun/font/StrikeCache$DisposableStrike done
Event: 1.704 loading class sun/font/StrikeCache$SoftDisposerRef done
Event: 1.704 loading class sun/font/FileFontStrike
Event: 1.704 loading class sun/font/FileFontStrike done
Event: 1.704 loading class sun/font/FontScaler
Event: 1.704 loading class sun/font/FontScaler done
Event: 1.704 loading class sun/font/FreetypeFontScaler
Event: 1.704 loading class sun/font/FreetypeFontScaler done


Dynamic libraries:
00400000-00401000 r-xp 00000000 08:02 32246840                           /usr/lib/jvm/java-9-openjdk-amd64/bin/java
00600000-00601000 r--p 00000000 08:02 32246840                           /usr/lib/jvm/java-9-openjdk-amd64/bin/java
00601000-00602000 rw-p 00001000 08:02 32246840                           /usr/lib/jvm/java-9-openjdk-amd64/bin/java
01b4e000-01b6f000 rw-p 00000000 00:00 0                                  [heap]
84c00000-86500000 rw-p 00000000 00:00 0 
86500000-100000000 ---p 00000000 00:00 0 
100000000-100200000 rw-p 00000000 00:00 0 
100200000-140000000 ---p 00000000 00:00 0 
7f82d4000000-7f82d4025000 rw-p 00000000 00:00 0 
7f82d4025000-7f82d8000000 ---p 00000000 00:00 0 
7f82d8000000-7f82d8021000 rw-p 00000000 00:00 0 
7f82d8021000-7f82dc000000 ---p 00000000 00:00 0 
7f82dc000000-7f82dc021000 rw-p 00000000 00:00 0 
7f82dc021000-7f82e0000000 ---p 00000000 00:00 0 
7f82e0000000-7f82e0021000 rw-p 00000000 00:00 0 
7f82e0021000-7f82e4000000 ---p 00000000 00:00 0 
7f82e4000000-7f82e402d000 rw-p 00000000 00:00 0 
7f82e402d000-7f82e8000000 ---p 00000000 00:00 0 
7f82ea708000-7f82ea721000 r--s 00000000 08:02 33163131                   /usr/share/fonts/type1/gsfonts/n021003l.pfb
7f82ea721000-7f82ea72a000 r--s 00000000 08:02 33163167                   /usr/share/fonts/type1/gsfonts/s050000l.pfb
7f82ea72a000-7f82ea742000 r--s 00000000 08:02 33163098                   /usr/share/fonts/type1/gsfonts/c059033l.pfb
7f82ea742000-7f82ea74e000 r--s 00000000 08:02 33163104                   /usr/share/fonts/type1/gsfonts/d050000l.pfb
7f82ea74e000-7f82ea768000 r--s 00000000 08:02 33163092                   /usr/share/fonts/type1/gsfonts/c059013l.pfb
7f82ea768000-7f82ea779000 r--s 00000000 08:02 33163116                   /usr/share/fonts/type1/gsfonts/n019024l.pfb
7f82ea779000-7f82ea794000 r--s 00000000 08:02 33163161                   /usr/share/fonts/type1/gsfonts/p052023l.pfb
7f82ea794000-7f82ea7a4000 r--s 00000000 08:02 33163074                   /usr/share/fonts/type1/gsfonts/a010033l.pfb
7f82ea7a4000-7f82ea7bd000 r--s 00000000 08:02 33163134                   /usr/share/fonts/type1/gsfonts/n021004l.pfb
7f82ea7bd000-7f82ea7d3000 r--s 00000000 08:02 33163140                   /usr/share/fonts/type1/gsfonts/n021024l.pfb
7f82ea7d3000-7f82ea7e5000 r--s 00000000 08:02 33163110                   /usr/share/fonts/type1/gsfonts/n019004l.pfb
7f82ea7e5000-7f82ea7f6000 r--s 00000000 08:02 33163113                   /usr/share/fonts/type1/gsfonts/n019023l.pfb
7f82ea7f6000-7f82ea80b000 r--s 00000000 08:02 33163086                   /usr/share/fonts/type1/gsfonts/b018032l.pfb
7f82ea80b000-7f82ea821000 r--s 00000000 08:02 33163152                   /usr/share/fonts/type1/gsfonts/n022024l.pfb
7f82ea821000-7f82ea832000 r--s 00000000 08:02 33163077                   /usr/share/fonts/type1/gsfonts/a010035l.pfb
7f82ea832000-7f82ea848000 r--s 00000000 08:02 33163149                   /usr/share/fonts/type1/gsfonts/n022023l.pfb
7f82ea848000-7f82ea85a000 r--s 00000000 08:02 33163119                   /usr/share/fonts/type1/gsfonts/n019043l.pfb
7f82ea85a000-7f82ea86b000 r--s 00000000 08:02 33163125                   /usr/share/fonts/type1/gsfonts/n019063l.pfb
7f82ea86b000-7f82ea884000 r--s 00000000 08:02 33163146                   /usr/share/fonts/type1/gsfonts/n022004l.pfb
7f82ea884000-7f82ea89f000 r--s 00000000 08:02 33163095                   /usr/share/fonts/type1/gsfonts/c059016l.pfb
7f82ea89f000-7f82ea8b6000 r--s 00000000 08:02 33163137                   /usr/share/fonts/type1/gsfonts/n021023l.pfb
7f82ea8b6000-7f82ea8ca000 r--s 00000000 08:02 33163107                   /usr/share/fonts/type1/gsfonts/n019003l.pfb
7f82ea8ca000-7f82ea8da000 r--s 00000000 08:02 33163068                   /usr/share/fonts/type1/gsfonts/a010013l.pfb
7f82ea8da000-7f82ea8f3000 r--s 00000000 08:02 33163080                   /usr/share/fonts/type1/gsfonts/b018012l.pfb
7f82ea8f3000-7f82ea906000 r--s 00000000 08:02 33163128                   /usr/share/fonts/type1/gsfonts/n019064l.pfb
7f82ea906000-7f82ea922000 r--s 00000000 08:02 33163164                   /usr/share/fonts/type1/gsfonts/p052024l.pfb
7f82ea922000-7f82ea932000 r--s 00000000 08:02 33163071                   /usr/share/fonts/type1/gsfonts/a010015l.pfb
7f82ea932000-7f82ea945000 r--s 00000000 08:02 33163083                   /usr/share/fonts/type1/gsfonts/b018015l.pfb
7f82ea945000-7f82ea957000 r--s 00000000 08:02 33163122                   /usr/share/fonts/type1/gsfonts/n019044l.pfb
7f82ea957000-7f82ea96e000 r--s 00000000 08:02 33163170                   /usr/share/fonts/type1/gsfonts/z003034l.pfb
7f82ea96e000-7f82ea989000 r--s 00000000 08:02 33163158                   /usr/share/fonts/type1/gsfonts/p052004l.pfb
7f82ea989000-7f82ea9ad000 r-xp 00000000 08:02 19403327                   /lib/x86_64-linux-gnu/libpng12.so.0.54.0
7f82ea9ad000-7f82eabac000 ---p 00024000 08:02 19403327                   /lib/x86_64-linux-gnu/libpng12.so.0.54.0
7f82eabac000-7f82eabad000 r--p 00023000 08:02 19403327                   /lib/x86_64-linux-gnu/libpng12.so.0.54.0
7f82eabad000-7f82eabae000 rw-p 00024000 08:02 19403327                   /lib/x86_64-linux-gnu/libpng12.so.0.54.0
7f82eabae000-7f82eac52000 r-xp 00000000 08:02 31989838                   /usr/lib/x86_64-linux-gnu/libfreetype.so.6.12.1
7f82eac52000-7f82eae51000 ---p 000a4000 08:02 31989838                   /usr/lib/x86_64-linux-gnu/libfreetype.so.6.12.1
7f82eae51000-7f82eae57000 r--p 000a3000 08:02 31989838                   /usr/lib/x86_64-linux-gnu/libfreetype.so.6.12.1
7f82eae57000-7f82eae58000 rw-p 000a9000 08:02 31989838                   /usr/lib/x86_64-linux-gnu/libfreetype.so.6.12.1
7f82eae58000-7f82eaf1e000 r-xp 00000000 08:02 32376962                   /usr/lib/jvm/java-9-openjdk-amd64/lib/amd64/libfontmanager.so
7f82eaf1e000-7f82eb11d000 ---p 000c6000 08:02 32376962                   /usr/lib/jvm/java-9-openjdk-amd64/lib/amd64/libfontmanager.so
7f82eb11d000-7f82eb120000 r--p 000c5000 08:02 32376962                   /usr/lib/jvm/java-9-openjdk-amd64/lib/amd64/libfontmanager.so
7f82eb120000-7f82eb121000 rw-p 000c8000 08:02 32376962                   /usr/lib/jvm/java-9-openjdk-amd64/lib/amd64/libfontmanager.so
7f82eb121000-7f82eb322000 rw-p 00000000 00:00 0 
7f82eb322000-7f82eb329000 r-xp 00000000 08:02 32376978                   /usr/lib/jvm/java-9-openjdk-amd64/lib/amd64/libawt_headless.so
7f82eb329000-7f82eb528000 ---p 00007000 08:02 32376978                   /usr/lib/jvm/java-9-openjdk-amd64/lib/amd64/libawt_headless.so
7f82eb528000-7f82eb529000 r--p 00006000 08:02 32376978                   /usr/lib/jvm/java-9-openjdk-amd64/lib/amd64/libawt_headless.so
7f82eb529000-7f82eb52a000 rw-p 00007000 08:02 32376978                   /usr/lib/jvm/java-9-openjdk-amd64/lib/amd64/libawt_headless.so
7f82eb52a000-7f82eb5ca000 r-xp 00000000 08:02 32376961                   /usr/lib/jvm/java-9-openjdk-amd64/lib/amd64/libawt.so
7f82eb5ca000-7f82eb7c9000 ---p 000a0000 08:02 32376961                   /usr/lib/jvm/java-9-openjdk-amd64/lib/amd64/libawt.so
7f82eb7c9000-7f82eb7ca000 r--p 0009f000 08:02 32376961                   /usr/lib/jvm/java-9-openjdk-amd64/lib/amd64/libawt.so
7f82eb7ca000-7f82eb7d5000 rw-p 000a0000 08:02 32376961                   /usr/lib/jvm/java-9-openjdk-amd64/lib/amd64/libawt.so
7f82eb7d5000-7f82eb9fa000 rw-p 00000000 00:00 0 
7f82eb9fa000-7f82eb9fe000 ---p 00000000 00:00 0 
7f82eb9fe000-7f82ebafb000 rw-p 00000000 00:00 0 
7f82ebafb000-7f82ebaff000 ---p 00000000 00:00 0 
7f82ebaff000-7f82ebbfc000 rw-p 00000000 00:00 0 
7f82ebbfc000-7f82ebc00000 ---p 00000000 00:00 0 
7f82ebc00000-7f82ebcfd000 rw-p 00000000 00:00 0 
7f82ebcfd000-7f82ebd01000 ---p 00000000 00:00 0 
7f82ebd01000-7f82ebdfe000 rw-p 00000000 00:00 0 
7f82ebdfe000-7f82ebe02000 ---p 00000000 00:00 0 
7f82ebe02000-7f82ebeff000 rw-p 00000000 00:00 0 
7f82ebeff000-7f82ebf03000 ---p 00000000 00:00 0 
7f82ebf03000-7f82ec000000 rw-p 00000000 00:00 0 
7f82ec000000-7f82ec021000 rw-p 00000000 00:00 0 
7f82ec021000-7f82f0000000 ---p 00000000 00:00 0 
7f82f0000000-7f82f0022000 rw-p 00000000 00:00 0 
7f82f0022000-7f82f4000000 ---p 00000000 00:00 0 
7f82f4000000-7f82f4021000 rw-p 00000000 00:00 0 
7f82f4021000-7f82f8000000 ---p 00000000 00:00 0 
7f82f8000000-7f82f8021000 rw-p 00000000 00:00 0 
7f82f8021000-7f82fc000000 ---p 00000000 00:00 0 
7f82fc000000-7f82fc021000 rw-p 00000000 00:00 0 
7f82fc021000-7f8300000000 ---p 00000000 00:00 0 
7f8300000000-7f8300021000 rw-p 00000000 00:00 0 
7f8300021000-7f8304000000 ---p 00000000 00:00 0 
7f8304000000-7f8304387000 rw-p 00000000 00:00 0 
7f8304387000-7f8308000000 ---p 00000000 00:00 0 
7f8308008000-7f8308020000 r--s 00000000 08:02 33163101                   /usr/share/fonts/type1/gsfonts/c059036l.pfb
7f8308020000-7f8308032000 r--s 00000000 08:02 33163089                   /usr/share/fonts/type1/gsfonts/b018035l.pfb
7f8308032000-7f830804d000 r--s 00000000 08:02 33163155                   /usr/share/fonts/type1/gsfonts/p052003l.pfb
7f830804d000-7f8308057000 r--s 00000000 08:02 33162356                   /usr/share/fonts/X11/Type1/c0611bt_.pfb
7f8308057000-7f8308060000 r--s 00000000 08:02 33162360                   /usr/share/fonts/X11/Type1/c0633bt_.pfb
7f8308060000-7f8308069000 r--s 00000000 08:02 33162364                   /usr/share/fonts/X11/Type1/c0649bt_.pfb
7f8308069000-7f8308073000 r--s 00000000 08:02 33162352                   /usr/share/fonts/X11/Type1/c0582bt_.pfb
7f8308073000-7f830807d000 r--s 00000000 08:02 33162354                   /usr/share/fonts/X11/Type1/c0583bt_.pfb
7f830807d000-7f8308087000 r--s 00000000 08:02 33162350                   /usr/share/fonts/X11/Type1/c0419bt_.pfb
7f8308087000-7f8308090000 r--s 00000000 08:02 33162358                   /usr/share/fonts/X11/Type1/c0632bt_.pfb
7f8308090000-7f8308099000 r--s 00000000 08:02 33162362                   /usr/share/fonts/X11/Type1/c0648bt_.pfb
7f8308099000-7f83080a4000 r--s 00000000 08:02 32770162                   /var/cache/fontconfig/945677eb7aeaf62f1d50efc3fb3ec7d8-le64.cache-6
7f83080a4000-7f83080aa000 r--s 00000000 08:02 32770144                   /var/cache/fontconfig/2cd17615ca594fa2959ae173292e504c-le64.cache-6
7f83080aa000-7f83080ab000 r--s 00000000 08:02 32770141                   /var/cache/fontconfig/0d8c3b2ac0904cb8a57a757ad11a4a08-le64.cache-6
7f83080ab000-7f83080c0000 r--s 00000000 08:02 32770138                   /var/cache/fontconfig/04aabc0a78ac019cf9454389977116d2-le64.cache-6
7f83080c0000-7f83080c1000 r--s 00000000 08:02 32770143                   /var/cache/fontconfig/1ac9eb803944fde146138c791f5cc56a-le64.cache-6
7f83080c1000-7f83080c5000 r--s 00000000 08:02 32770148                   /var/cache/fontconfig/385c0604a188198f04d133e54aba7fe7-le64.cache-6
7f83080c5000-7f83080c6000 r--s 00000000 08:02 32770175                   /var/cache/fontconfig/dc05db6664285cc2f12bf69c139ae4c3-le64.cache-6
7f83080c6000-7f83080c9000 r--s 00000000 08:02 32770158                   /var/cache/fontconfig/767a8244fc0220cfb567a839d0392e0b-le64.cache-6
7f83080c9000-7f83080ce000 r--s 00000000 08:02 32770161                   /var/cache/fontconfig/8801497958630a81b71ace7c5f9b32a8-le64.cache-6
7f83080ce000-7f83080d2000 ---p 00000000 00:00 0 
7f83080d2000-7f83081cf000 rw-p 00000000 00:00 0 
7f83081cf000-7f83081d3000 ---p 00000000 00:00 0 
7f83081d3000-7f83084d0000 rw-p 00000000 00:00 0 
7f83084d0000-7f83086d0000 rw-p 00000000 00:00 0 
7f83086d0000-7f83086d1000 ---p 00000000 00:00 0 
7f83086d1000-7f83087d1000 rw-p 00000000 00:00 0 
7f83087d1000-7f83087d5000 ---p 00000000 00:00 0 
7f83087d5000-7f83088d2000 rw-p 00000000 00:00 0 
7f83088d2000-7f83088d6000 ---p 00000000 00:00 0 
7f83088d6000-7f830b9d4000 rw-p 00000000 00:00 0 
7f830b9d4000-7f830b9ea000 r-xp 00000000 08:02 32376963                   /usr/lib/jvm/java-9-openjdk-amd64/lib/amd64/libnet.so
7f830b9ea000-7f830bbe9000 ---p 00016000 08:02 32376963                   /usr/lib/jvm/java-9-openjdk-amd64/lib/amd64/libnet.so
7f830bbe9000-7f830bbea000 r--p 00015000 08:02 32376963                   /usr/lib/jvm/java-9-openjdk-amd64/lib/amd64/libnet.so
7f830bbea000-7f830bbeb000 rw-p 00016000 08:02 32376963                   /usr/lib/jvm/java-9-openjdk-amd64/lib/amd64/libnet.so
7f830bbeb000-7f830bbfc000 r-xp 00000000 08:02 32376990                   /usr/lib/jvm/java-9-openjdk-amd64/lib/amd64/libnio.so
7f830bbfc000-7f830bdfc000 ---p 00011000 08:02 32376990                   /usr/lib/jvm/java-9-openjdk-amd64/lib/amd64/libnio.so
7f830bdfc000-7f830bdfd000 r--p 00011000 08:02 32376990                   /usr/lib/jvm/java-9-openjdk-amd64/lib/amd64/libnio.so
7f830bdfd000-7f830bdfe000 rw-p 00012000 08:02 32376990                   /usr/lib/jvm/java-9-openjdk-amd64/lib/amd64/libnio.so
7f830bdfe000-7f830be02000 ---p 00000000 00:00 0 
7f830be02000-7f830beff000 rw-p 00000000 00:00 0 
7f830beff000-7f830bf03000 ---p 00000000 00:00 0 
7f830bf03000-7f830c000000 rw-p 00000000 00:00 0 
7f830c000000-7f830caa1000 rw-p 00000000 00:00 0 
7f830caa1000-7f8310000000 ---p 00000000 00:00 0 
7f8310000000-7f8310844000 rw-p 00000000 00:00 0 
7f8310844000-7f8314000000 ---p 00000000 00:00 0 
7f8314000000-7f8314021000 rw-p 00000000 00:00 0 
7f8314021000-7f8318000000 ---p 00000000 00:00 0 
7f8318000000-7f8318021000 rw-p 00000000 00:00 0 
7f8318021000-7f831c000000 ---p 00000000 00:00 0 
7f831c000000-7f831c021000 rw-p 00000000 00:00 0 
7f831c021000-7f8320000000 ---p 00000000 00:00 0 
7f8320000000-7f8320021000 rw-p 00000000 00:00 0 
7f8320021000-7f8324000000 ---p 00000000 00:00 0 
7f8324000000-7f8324021000 rw-p 00000000 00:00 0 
7f8324021000-7f8328000000 ---p 00000000 00:00 0 
7f8328000000-7f8328081000 rw-p 00000000 00:00 0 
7f8328081000-7f832c000000 ---p 00000000 00:00 0 
7f832c000000-7f832c021000 rw-p 00000000 00:00 0 
7f832c021000-7f8330000000 ---p 00000000 00:00 0 
7f8330000000-7f8330007000 r--s 00000000 08:02 32770145                   /var/cache/fontconfig/3047814df9a2f067bd2d96a2b9c36e5a-le64.cache-6
7f8330007000-7f833000d000 r--s 00000000 08:02 32770166                   /var/cache/fontconfig/b47c4e1ecd0709278f4910c18777a504-le64.cache-6
7f833000d000-7f8330020000 r--s 00000000 08:02 32770172                   /var/cache/fontconfig/d52a8644073d54c13679302ca1180695-le64.cache-6
7f8330020000-7f833002b000 r--s 00000000 08:02 32770098                   /var/cache/fontconfig/d589a48862398ed80a3d6066f4f56f4c-le64.cache-6
7f833002b000-7f833002f000 ---p 00000000 00:00 0 
7f833002f000-7f833012c000 rw-p 00000000 00:00 0 
7f833012c000-7f8330130000 ---p 00000000 00:00 0 
7f8330130000-7f833022d000 rw-p 00000000 00:00 0 
7f833022d000-7f8330231000 ---p 00000000 00:00 0 
7f8330231000-7f833032e000 rw-p 00000000 00:00 0 
7f833032e000-7f8330332000 ---p 00000000 00:00 0 
7f8330332000-7f833042f000 rw-p 00000000 00:00 0 
7f833042f000-7f83308ba000 r--p 00000000 08:02 31988071                   /usr/lib/locale/locale-archive
7f83308ba000-7f83308be000 ---p 00000000 00:00 0 
7f83308be000-7f83309bb000 rw-p 00000000 00:00 0 
7f83309bb000-7f83309bf000 ---p 00000000 00:00 0 
7f83309bf000-7f8330abc000 rw-p 00000000 00:00 0 
7f8330abc000-7f8330abd000 ---p 00000000 00:00 0 
7f8330abd000-7f8331433000 rw-p 00000000 00:00 0 
7f8331433000-7f83339ab000 rw-p 00000000 00:00 0 
7f83339ab000-7f83339ac000 ---p 00000000 00:00 0 
7f83339ac000-7f8333b10000 rw-p 00000000 00:00 0 
7f8333b10000-7f833597c000 ---p 00000000 00:00 0 
7f833597c000-7f83359e0000 rw-p 00000000 00:00 0 
7f83359e0000-7f833784c000 ---p 00000000 00:00 0 
7f833784c000-7f8337859000 rw-p 00000000 00:00 0 
7f8337859000-7f8337c26000 ---p 00000000 00:00 0 
7f8337c26000-7f8337c33000 rw-p 00000000 00:00 0 
7f8337c33000-7f8338000000 ---p 00000000 00:00 0 
7f8338000000-7f8338021000 rw-p 00000000 00:00 0 
7f8338021000-7f833c000000 ---p 00000000 00:00 0 
7f833c000000-7f833c021000 rw-p 00000000 00:00 0 
7f833c021000-7f8340000000 ---p 00000000 00:00 0 
7f8340000000-7f8340021000 rw-p 00000000 00:00 0 
7f8340021000-7f8344000000 ---p 00000000 00:00 0 
7f8344000000-7f8344021000 rw-p 00000000 00:00 0 
7f8344021000-7f8348000000 ---p 00000000 00:00 0 
7f8348000000-7f8348021000 rw-p 00000000 00:00 0 
7f8348021000-7f834c000000 ---p 00000000 00:00 0 
7f834c000000-7f834c021000 rw-p 00000000 00:00 0 
7f834c021000-7f8350000000 ---p 00000000 00:00 0 
7f8350000000-7f8350021000 rw-p 00000000 00:00 0 
7f8350021000-7f8354000000 ---p 00000000 00:00 0 
7f8354000000-7f8354021000 rw-p 00000000 00:00 0 
7f8354021000-7f8358000000 ---p 00000000 00:00 0 
7f8358000000-7f8358021000 rw-p 00000000 00:00 0 
7f8358021000-7f835c000000 ---p 00000000 00:00 0 
7f835c000000-7f835c001000 r--s 00000000 08:02 32769233                   /var/cache/fontconfig/4794a0821666d79190d59a36cb4f44b5-le64.cache-6
7f835c001000-7f835c002000 r--s 00000000 08:02 32770168                   /var/cache/fontconfig/bab58bb527bb656aaa9f116d68a48d89-le64.cache-6
7f835c002000-7f835c003000 r--s 00000000 08:02 32770152                   /var/cache/fontconfig/56cf4f4769d0f4abc89a4895d7bd3ae1-le64.cache-6
7f835c003000-7f835c004000 r--s 00000000 08:02 32770167                   /var/cache/fontconfig/b9d506c9ac06c20b433354fa67a72993-le64.cache-6
7f835c004000-7f835c005000 r--s 00000000 08:02 32770151                   /var/cache/fontconfig/551ecf3b0e8b0bca0f25c0944f561853-le64.cache-6
7f835c005000-7f835c012000 r--s 00000000 08:02 32769549                   /var/cache/fontconfig/089dead882dea3570ffc31a9898cfb69-le64.cache-6
7f835c012000-7f835c01d000 r--s 00000000 08:02 32770160                   /var/cache/fontconfig/83bf95040141907cd45bb53cf7c1c148-le64.cache-6
7f835c01d000-7f835c02f000 r--s 00000000 08:02 32770164                   /var/cache/fontconfig/9b89f8e3dae116d678bbf48e5f21f69b-le64.cache-6
7f835c02f000-7f835c0ab000 rw-p 00000000 00:00 0 
7f835c0ab000-7f835c0ac000 ---p 00000000 00:00 0 
7f835c0ac000-7f835c1ac000 rw-p 00000000 00:00 0 
7f835c1ac000-7f835c586000 ---p 00000000 00:00 0 
7f835c586000-7f835c593000 rw-p 00000000 00:00 0 
7f835c593000-7f835c960000 ---p 00000000 00:00 0 
7f835c960000-7f835c961000 ---p 00000000 00:00 0 
7f835c961000-7f835ca61000 rw-p 00000000 00:00 0 
7f835ca61000-7f835ca62000 ---p 00000000 00:00 0 
7f835ca62000-7f835cb62000 rw-p 00000000 00:00 0 
7f835cb62000-7f835cb63000 ---p 00000000 00:00 0 
7f835cb63000-7f835cc63000 rw-p 00000000 00:00 0 
7f835cc63000-7f835cc64000 ---p 00000000 00:00 0 
7f835cc64000-7f835cd64000 rw-p 00000000 00:00 0 
7f835cd64000-7f835cd65000 ---p 00000000 00:00 0 
7f835cd65000-7f835d269000 rw-p 00000000 00:00 0 
7f835d269000-7f835d26a000 ---p 00000000 00:00 0 
7f835d26a000-7f835d36a000 rw-p 00000000 00:00 0 
7f835d36a000-7f835d36b000 ---p 00000000 00:00 0 
7f835d36b000-7f835d46b000 rw-p 00000000 00:00 0 
7f835d46b000-7f835d46c000 ---p 00000000 00:00 0 
7f835d46c000-7f835d56c000 rw-p 00000000 00:00 0 
7f835d56c000-7f835d56d000 ---p 00000000 00:00 0 
7f835d56d000-7f835d672000 rw-p 00000000 00:00 0 
7f835d672000-7f835d758000 ---p 00000000 00:00 0 
7f835d758000-7f835d764000 rw-p 00000000 00:00 0 
7f835d764000-7f835d843000 ---p 00000000 00:00 0 
7f835d843000-7f835dab3000 rwxp 00000000 00:00 0 
7f835dab3000-7f835ddd3000 ---p 00000000 00:00 0 
7f835ddd3000-7f835e3c3000 rwxp 00000000 00:00 0 
7f835e3c3000-7f836530b000 ---p 00000000 00:00 0 
7f836530b000-7f836557b000 rwxp 00000000 00:00 0 
7f836557b000-7f836c843000 ---p 00000000 00:00 0 
7f836c843000-7f8373bf2000 r--s 00000000 08:02 32246845                   /usr/lib/jvm/java-9-openjdk-amd64/lib/modules
7f8373bf2000-7f8373bf7000 r-xp 00000000 08:02 32376977                   /usr/lib/jvm/java-9-openjdk-amd64/lib/amd64/libjimage.so
7f8373bf7000-7f8373df6000 ---p 00005000 08:02 32376977                   /usr/lib/jvm/java-9-openjdk-amd64/lib/amd64/libjimage.so
7f8373df6000-7f8373df7000 r--p 00004000 08:02 32376977                   /usr/lib/jvm/java-9-openjdk-amd64/lib/amd64/libjimage.so
7f8373df7000-7f8373df8000 rw-p 00005000 08:02 32376977                   /usr/lib/jvm/java-9-openjdk-amd64/lib/amd64/libjimage.so
7f8373df8000-7f8373dff000 r-xp 00000000 08:02 32376973                   /usr/lib/jvm/java-9-openjdk-amd64/lib/amd64/libzip.so
7f8373dff000-7f8373ffe000 ---p 00007000 08:02 32376973                   /usr/lib/jvm/java-9-openjdk-amd64/lib/amd64/libzip.so
7f8373ffe000-7f8373fff000 r--p 00006000 08:02 32376973                   /usr/lib/jvm/java-9-openjdk-amd64/lib/amd64/libzip.so
7f8373fff000-7f8374000000 rw-p 00007000 08:02 32376973                   /usr/lib/jvm/java-9-openjdk-amd64/lib/amd64/libzip.so
7f8374000000-7f8374593000 rw-p 00000000 00:00 0 
7f8374593000-7f8378000000 ---p 00000000 00:00 0 
7f8378000000-7f8378018000 r--s 00000000 08:02 33163143                   /usr/share/fonts/type1/gsfonts/n022003l.pfb
7f8378018000-7f837801f000 r--s 00000000 08:02 32245854                   /usr/lib/x86_64-linux-gnu/gconv/gconv-modules.cache
7f837801f000-7f8378040000 r--p 00000000 08:02 32641827                   /usr/share/locale-langpack/zh_CN/LC_MESSAGES/libc.mo
7f8378040000-7f837804b000 r-xp 00000000 08:02 19398752                   /lib/x86_64-linux-gnu/libnss_files-2.23.so
7f837804b000-7f837824a000 ---p 0000b000 08:02 19398752                   /lib/x86_64-linux-gnu/libnss_files-2.23.so
7f837824a000-7f837824b000 r--p 0000a000 08:02 19398752                   /lib/x86_64-linux-gnu/libnss_files-2.23.so
7f837824b000-7f837824c000 rw-p 0000b000 08:02 19398752                   /lib/x86_64-linux-gnu/libnss_files-2.23.so
7f837824c000-7f8378252000 rw-p 00000000 00:00 0 
7f8378252000-7f837825d000 r-xp 00000000 08:02 19403203                   /lib/x86_64-linux-gnu/libnss_nis-2.23.so
7f837825d000-7f837845c000 ---p 0000b000 08:02 19403203                   /lib/x86_64-linux-gnu/libnss_nis-2.23.so
7f837845c000-7f837845d000 r--p 0000a000 08:02 19403203                   /lib/x86_64-linux-gnu/libnss_nis-2.23.so
7f837845d000-7f837845e000 rw-p 0000b000 08:02 19403203                   /lib/x86_64-linux-gnu/libnss_nis-2.23.so
7f837845e000-7f8378474000 r-xp 00000000 08:02 19398670                   /lib/x86_64-linux-gnu/libnsl-2.23.so
7f8378474000-7f8378673000 ---p 00016000 08:02 19398670                   /lib/x86_64-linux-gnu/libnsl-2.23.so
7f8378673000-7f8378674000 r--p 00015000 08:02 19398670                   /lib/x86_64-linux-gnu/libnsl-2.23.so
7f8378674000-7f8378675000 rw-p 00016000 08:02 19398670                   /lib/x86_64-linux-gnu/libnsl-2.23.so
7f8378675000-7f8378677000 rw-p 00000000 00:00 0 
7f8378677000-7f837867f000 r-xp 00000000 08:02 19398747                   /lib/x86_64-linux-gnu/libnss_compat-2.23.so
7f837867f000-7f837887e000 ---p 00008000 08:02 19398747                   /lib/x86_64-linux-gnu/libnss_compat-2.23.so
7f837887e000-7f837887f000 r--p 00007000 08:02 19398747                   /lib/x86_64-linux-gnu/libnss_compat-2.23.so
7f837887f000-7f8378880000 rw-p 00008000 08:02 19398747                   /lib/x86_64-linux-gnu/libnss_compat-2.23.so
7f8378880000-7f83788ab000 r-xp 00000000 08:02 32376956                   /usr/lib/jvm/java-9-openjdk-amd64/lib/amd64/libjava.so
7f83788ab000-7f8378aaa000 ---p 0002b000 08:02 32376956                   /usr/lib/jvm/java-9-openjdk-amd64/lib/amd64/libjava.so
7f8378aaa000-7f8378aab000 r--p 0002a000 08:02 32376956                   /usr/lib/jvm/java-9-openjdk-amd64/lib/amd64/libjava.so
7f8378aab000-7f8378aad000 rw-p 0002b000 08:02 32376956                   /usr/lib/jvm/java-9-openjdk-amd64/lib/amd64/libjava.so
7f8378aad000-7f8378aba000 r-xp 00000000 08:02 32376957                   /usr/lib/jvm/java-9-openjdk-amd64/lib/amd64/libverify.so
7f8378aba000-7f8378cb9000 ---p 0000d000 08:02 32376957                   /usr/lib/jvm/java-9-openjdk-amd64/lib/amd64/libverify.so
7f8378cb9000-7f8378cbb000 r--p 0000c000 08:02 32376957                   /usr/lib/jvm/java-9-openjdk-amd64/lib/amd64/libverify.so
7f8378cbb000-7f8378cbc000 rw-p 0000e000 08:02 32376957                   /usr/lib/jvm/java-9-openjdk-amd64/lib/amd64/libverify.so
7f8378cbc000-7f8378cc3000 r-xp 00000000 08:02 19403204                   /lib/x86_64-linux-gnu/librt-2.23.so
7f8378cc3000-7f8378ec2000 ---p 00007000 08:02 19403204                   /lib/x86_64-linux-gnu/librt-2.23.so
7f8378ec2000-7f8378ec3000 r--p 00006000 08:02 19403204                   /lib/x86_64-linux-gnu/librt-2.23.so
7f8378ec3000-7f8378ec4000 rw-p 00007000 08:02 19403204                   /lib/x86_64-linux-gnu/librt-2.23.so
7f8378ec4000-7f8378eda000 r-xp 00000000 08:02 19403224                   /lib/x86_64-linux-gnu/libgcc_s.so.1
7f8378eda000-7f83790d9000 ---p 00016000 08:02 19403224                   /lib/x86_64-linux-gnu/libgcc_s.so.1
7f83790d9000-7f83790da000 rw-p 00015000 08:02 19403224                   /lib/x86_64-linux-gnu/libgcc_s.so.1
7f83790da000-7f83791e2000 r-xp 00000000 08:02 19398661                   /lib/x86_64-linux-gnu/libm-2.23.so
7f83791e2000-7f83793e1000 ---p 00108000 08:02 19398661                   /lib/x86_64-linux-gnu/libm-2.23.so
7f83793e1000-7f83793e2000 r--p 00107000 08:02 19398661                   /lib/x86_64-linux-gnu/libm-2.23.so
7f83793e2000-7f83793e3000 rw-p 00108000 08:02 19398661                   /lib/x86_64-linux-gnu/libm-2.23.so
7f83793e3000-7f8379555000 r-xp 00000000 08:02 31983750                   /usr/lib/x86_64-linux-gnu/libstdc++.so.6.0.21
7f8379555000-7f8379755000 ---p 00172000 08:02 31983750                   /usr/lib/x86_64-linux-gnu/libstdc++.so.6.0.21
7f8379755000-7f837975f000 r--p 00172000 08:02 31983750                   /usr/lib/x86_64-linux-gnu/libstdc++.so.6.0.21
7f837975f000-7f8379761000 rw-p 0017c000 08:02 31983750                   /usr/lib/x86_64-linux-gnu/libstdc++.so.6.0.21
7f8379761000-7f8379765000 rw-p 00000000 00:00 0 
7f8379765000-7f837a5c3000 r-xp 00000000 08:02 32376970                   /usr/lib/jvm/java-9-openjdk-amd64/lib/amd64/server/libjvm.so
7f837a5c3000-7f837a7c3000 ---p 00e5e000 08:02 32376970                   /usr/lib/jvm/java-9-openjdk-amd64/lib/amd64/server/libjvm.so
7f837a7c3000-7f837a875000 r--p 00e5e000 08:02 32376970                   /usr/lib/jvm/java-9-openjdk-amd64/lib/amd64/server/libjvm.so
7f837a875000-7f837a8a7000 rw-p 00f10000 08:02 32376970                   /usr/lib/jvm/java-9-openjdk-amd64/lib/amd64/server/libjvm.so
7f837a8a7000-7f837a8ec000 rw-p 00000000 00:00 0 
7f837a8ec000-7f837a904000 r-xp 00000000 08:02 19398681                   /lib/x86_64-linux-gnu/libpthread-2.23.so
7f837a904000-7f837ab03000 ---p 00018000 08:02 19398681                   /lib/x86_64-linux-gnu/libpthread-2.23.so
7f837ab03000-7f837ab04000 r--p 00017000 08:02 19398681                   /lib/x86_64-linux-gnu/libpthread-2.23.so
7f837ab04000-7f837ab05000 rw-p 00018000 08:02 19398681                   /lib/x86_64-linux-gnu/libpthread-2.23.so
7f837ab05000-7f837ab09000 rw-p 00000000 00:00 0 
7f837ab09000-7f837ab0c000 r-xp 00000000 08:02 19398741                   /lib/x86_64-linux-gnu/libdl-2.23.so
7f837ab0c000-7f837ad0b000 ---p 00003000 08:02 19398741                   /lib/x86_64-linux-gnu/libdl-2.23.so
7f837ad0b000-7f837ad0c000 r--p 00002000 08:02 19398741                   /lib/x86_64-linux-gnu/libdl-2.23.so
7f837ad0c000-7f837ad0d000 rw-p 00003000 08:02 19398741                   /lib/x86_64-linux-gnu/libdl-2.23.so
7f837ad0d000-7f837ad26000 r-xp 00000000 08:02 19403377                   /lib/x86_64-linux-gnu/libz.so.1.2.8
7f837ad26000-7f837af25000 ---p 00019000 08:02 19403377                   /lib/x86_64-linux-gnu/libz.so.1.2.8
7f837af25000-7f837af26000 r--p 00018000 08:02 19403377                   /lib/x86_64-linux-gnu/libz.so.1.2.8
7f837af26000-7f837af27000 rw-p 00019000 08:02 19403377                   /lib/x86_64-linux-gnu/libz.so.1.2.8
7f837af27000-7f837b0e7000 r-xp 00000000 08:02 19398739                   /lib/x86_64-linux-gnu/libc-2.23.so
7f837b0e7000-7f837b2e7000 ---p 001c0000 08:02 19398739                   /lib/x86_64-linux-gnu/libc-2.23.so
7f837b2e7000-7f837b2eb000 r--p 001c0000 08:02 19398739                   /lib/x86_64-linux-gnu/libc-2.23.so
7f837b2eb000-7f837b2ed000 rw-p 001c4000 08:02 19398739                   /lib/x86_64-linux-gnu/libc-2.23.so
7f837b2ed000-7f837b2f1000 rw-p 00000000 00:00 0 
7f837b2f1000-7f837b2ff000 r-xp 00000000 08:02 32376987                   /usr/lib/jvm/java-9-openjdk-amd64/lib/amd64/jli/libjli.so
7f837b2ff000-7f837b4fe000 ---p 0000e000 08:02 32376987                   /usr/lib/jvm/java-9-openjdk-amd64/lib/amd64/jli/libjli.so
7f837b4fe000-7f837b4ff000 r--p 0000d000 08:02 32376987                   /usr/lib/jvm/java-9-openjdk-amd64/lib/amd64/jli/libjli.so
7f837b4ff000-7f837b500000 rw-p 0000e000 08:02 32376987                   /usr/lib/jvm/java-9-openjdk-amd64/lib/amd64/jli/libjli.so
7f837b500000-7f837b526000 r-xp 00000000 08:02 19398673                   /lib/x86_64-linux-gnu/ld-2.23.so
7f837b526000-7f837b529000 r--s 00000000 08:02 32770157                   /var/cache/fontconfig/75114ca45c98e8a441da0ff356701271-le64.cache-6
7f837b529000-7f837b52c000 r--s 00000000 08:02 32770176                   /var/cache/fontconfig/e13b20fdb08344e0e664864cc2ede53d-le64.cache-6
7f837b52c000-7f837b603000 rw-p 00000000 00:00 0 
7f837b603000-7f837b607000 ---p 00000000 00:00 0 
7f837b607000-7f837b708000 rw-p 00000000 00:00 0 
7f837b708000-7f837b709000 r--s 00000000 08:02 32770146                   /var/cache/fontconfig/30829fa25452a46451e813d634d7f916-le64.cache-6
7f837b709000-7f837b70a000 r--s 00000000 08:02 32770140                   /var/cache/fontconfig/0c9eb80ebd1c36541ebe2852d3bb0c49-le64.cache-6
7f837b70a000-7f837b70e000 r--s 00000000 08:02 32768041                   /var/cache/fontconfig/7ef2298fde41cc6eeb7af42e48b7d293-le64.cache-6
7f837b70e000-7f837b713000 rw-p 00000000 00:00 0 
7f837b713000-7f837b71a000 ---p 00000000 00:00 0 
7f837b71a000-7f837b722000 rw-s 00000000 08:02 18350228                   /tmp/hsperfdata_ywu672/2965
7f837b722000-7f837b723000 rw-p 00000000 00:00 0 
7f837b723000-7f837b724000 r--p 00000000 00:00 0 
7f837b724000-7f837b725000 rw-p 00000000 00:00 0 
7f837b725000-7f837b726000 r--p 00025000 08:02 19398673                   /lib/x86_64-linux-gnu/ld-2.23.so
7f837b726000-7f837b727000 rw-p 00026000 08:02 19398673                   /lib/x86_64-linux-gnu/ld-2.23.so
7f837b727000-7f837b728000 rw-p 00000000 00:00 0 
7ffede7a1000-7ffede7c3000 rw-p 00000000 00:00 0                          [stack]
7ffede7c9000-7ffede7cc000 r--p 00000000 00:00 0                          [vvar]
7ffede7cc000-7ffede7ce000 r-xp 00000000 00:00 0                          [vdso]
ffffffffff600000-ffffffffff601000 r-xp 00000000 00:00 0                  [vsyscall]

VM Arguments:
java_command: rdt-1.5.0-SNAPSHOT-jar-with-dependencies.jar -Q SMI -q CC(O)CC(=O)OC(C)CC(O)=O.O[H]>>[H]OC(=O)CC(C)O.CC(O)CC(O)=O -g -j ANNOTATE -f XML
java_class_path (initial): rdt-1.5.0-SNAPSHOT-jar-with-dependencies.jar
Launcher Type: SUN_STANDARD

Environment Variables:
JAVA_HOME=/usr/lib/jvm/java-1.7.0-openjdk-amd64
JRE_HOME=/usr/lib/jvm/java-1.7.0-openjdk-amd64/jre
PATH=/home/ywu672/anaconda3/bin:/home/ywu672/bin:/home/ywu672/.local/bin:/usr/local/GraphicsMagick-1.3.29/bin:/usr/local/sbin:/usr/local/bin:/usr/sbin:/usr/bin:/sbin:/bin:/usr/games:/usr/local/games:/snap/bin:/usr/lib/jvm/java-1.7.0-openjdk-amd64/bin:/usr/lib/jvm/java-1.7.0-openjdk-amd64/jre/bin
LD_LIBRARY_PATH=/usr/local/lib:/usr/local/GraphicsMagick-1.3.29/lib:
SHELL=/bin/bash
DISPLAY=:0

Signal Handlers:
SIGSEGV: [libjvm.so+0xc12c20], sa_mask[0]=11111111011111111101111111111110, sa_flags=SA_RESTART|SA_SIGINFO
SIGBUS: [libjvm.so+0xc12c20], sa_mask[0]=11111111011111111101111111111110, sa_flags=SA_RESTART|SA_SIGINFO
SIGFPE: [libjvm.so+0xc12c20], sa_mask[0]=11111111011111111101111111111110, sa_flags=SA_RESTART|SA_SIGINFO
SIGPIPE: [libjvm.so+0xa3b600], sa_mask[0]=11111111011111111101111111111110, sa_flags=SA_RESTART|SA_SIGINFO
SIGXFSZ: [libjvm.so+0xa3b600], sa_mask[0]=11111111011111111101111111111110, sa_flags=SA_RESTART|SA_SIGINFO
SIGILL: [libjvm.so+0xc12c20], sa_mask[0]=11111111011111111101111111111110, sa_flags=SA_RESTART|SA_SIGINFO
SIGUSR2: [libjvm.so+0xa3b4a0], sa_mask[0]=00000000000000000000000000000000, sa_flags=SA_RESTART|SA_SIGINFO
SIGHUP: [libjvm.so+0xa3b870], sa_mask[0]=11111111011111111101111111111110, sa_flags=SA_RESTART|SA_SIGINFO
SIGINT: [libjvm.so+0xa3b870], sa_mask[0]=11111111011111111101111111111110, sa_flags=SA_RESTART|SA_SIGINFO
SIGTERM: [libjvm.so+0xa3b870], sa_mask[0]=11111111011111111101111111111110, sa_flags=SA_RESTART|SA_SIGINFO
SIGQUIT: [libjvm.so+0xa3b870], sa_mask[0]=11111111011111111101111111111110, sa_flags=SA_RESTART|SA_SIGINFO


---------------  S Y S T E M  ---------------

OS:DISTRIB_ID=Ubuntu
DISTRIB_RELEASE=16.04
DISTRIB_CODENAME=xenial
DISTRIB_DESCRIPTION="Ubuntu 16.04.3 LTS"
uname:Linux 4.13.0-43-generic #48~16.04.1-Ubuntu SMP Thu May 17 12:56:46 UTC 2018 x86_64
libc:glibc 2.23 NPTL 2.23 
rlimit: STACK 8192k, CORE 0k, NPROC 31192, NOFILE 1048576, AS infinity
load average:1.76 1.79 2.08

/proc/meminfo:
MemTotal:        8074496 kB
MemFree:          635968 kB
MemAvailable:     847820 kB
Buffers:           32512 kB
Cached:           886012 kB
SwapCached:       209076 kB
Active:          6094380 kB
Inactive:        1075992 kB
Active(anon):    5865520 kB
Inactive(anon):   894628 kB
Active(file):     228860 kB
Inactive(file):   181364 kB
Unevictable:          48 kB
Mlocked:              48 kB
SwapTotal:       8294396 kB
SwapFree:        1863420 kB
Dirty:                52 kB
Writeback:             0 kB
AnonPages:       6172164 kB
Mapped:           580344 kB
Shmem:            508292 kB
Slab:             109548 kB
SReclaimable:      52060 kB
SUnreclaim:        57488 kB
KernelStack:       12704 kB
PageTables:        78624 kB
NFS_Unstable:          0 kB
Bounce:                0 kB
WritebackTmp:          0 kB
CommitLimit:    12331644 kB
Committed_AS:   19277252 kB
VmallocTotal:   34359738367 kB
VmallocUsed:           0 kB
VmallocChunk:          0 kB
HardwareCorrupted:     0 kB
AnonHugePages:         0 kB
ShmemHugePages:        0 kB
ShmemPmdMapped:        0 kB
CmaTotal:              0 kB
CmaFree:               0 kB
HugePages_Total:       0
HugePages_Free:        0
HugePages_Rsvd:        0
HugePages_Surp:        0
Hugepagesize:       2048 kB
DirectMap4k:      236068 kB
DirectMap2M:     8058880 kB
DirectMap1G:           0 kB


CPU:total 4 (4 cores per cpu, 1 threads per core) family 6 model 158 stepping 9, cmov, cx8, fxsr, mmx, sse, sse2, sse3, ssse3, sse4.1, sse4.2, popcnt, avx, avx2, aes, clmul, erms, 3dnowpref, lzcnt, tsc, tscinvbit, bmi1, bmi2, adx

CPU Model and flags from /proc/cpuinfo:
model name	: Intel(R) Core(TM) i5-7400 CPU @ 3.00GHz
flags		: fpu vme de pse tsc msr pae mce cx8 apic sep mtrr pge mca cmov pat pse36 clflush dts acpi mmx fxsr sse sse2 ss ht tm pbe syscall nx pdpe1gb rdtscp lm constant_tsc art arch_perfmon pebs bts rep_good nopl xtopology nonstop_tsc cpuid aperfmperf tsc_known_freq pni pclmulqdq dtes64 monitor ds_cpl vmx est tm2 ssse3 sdbg fma cx16 xtpr pdcm pcid sse4_1 sse4_2 x2apic movbe popcnt tsc_deadline_timer aes xsave avx f16c rdrand lahf_lm abm 3dnowprefetch cpuid_fault epb invpcid_single pti retpoline intel_pt rsb_ctxsw spec_ctrl tpr_shadow vnmi flexpriority ept vpid fsgsbase tsc_adjust bmi1 avx2 smep bmi2 erms invpcid mpx rdseed adx smap clflushopt xsaveopt xsavec xgetbv1 xsaves dtherm ida arat pln pts hwp hwp_notify hwp_act_window hwp_epp

Memory: 4k page, physical 8074496k(635968k free), swap 8294396k(1863420k free)

vm_info: OpenJDK 64-Bit Server VM (9-internal+0-2016-04-14-195246.buildd.src) for linux-amd64 JRE (9-internal+0-2016-04-14-195246.buildd.src), built on Apr 14 2016 20:05:37 by "buildd" with gcc 5.3.1 20160413

END.
