#
# A fatal error has been detected by the Java Runtime Environment:
#
#  SIGSEGV (0xb) at pc=0x00007fdd7c18c009, pid=2847, tid=2848
#
# JRE version: OpenJDK Runtime Environment (9.0) (build 9-internal+0-2016-04-14-195246.buildd.src)
# Java VM: OpenJDK 64-Bit Server VM (9-internal+0-2016-04-14-195246.buildd.src, mixed mode, tiered, compressed oops, g1 gc, linux-amd64)
# Problematic frame:
# C  [libjava.so+0x1d009]  JNU_GetEnv+0x19
#
# Core dump will be written. Default location: Core dumps may be processed with "/usr/share/apport/apport %p %s %c %d %P" (or dumping to /home/ywu672/Downloads/RDT/core.2847)
#
# If you would like to submit a bug report, please visit:
#   http://bugreport.java.com/bugreport/crash.jsp
# The crash happened outside the Java Virtual Machine in native code.
# See problematic frame for where to report the bug.
#

---------------  S U M M A R Y ------------

Command Line: rdt-1.5.0-SNAPSHOT-jar-with-dependencies.jar -Q SMI -q CC(O)CC(=O)OC(C)CC(O)=O.O[H]>>[H]OC(=O)CC(C)O.CC(O)CC(O)=O -g -j AAM -f TEXT

Host: Intel(R) Core(TM) i5-7400 CPU @ 3.00GHz, 4 cores, 7G, Ubuntu 16.04.3 LTS
Time: Tue Jun  5 17:05:34 2018 CST elapsed time: 1 seconds (0d 0h 0m 1s)

---------------  T H R E A D  ---------------

Current thread (0x00007fdd78011000):  JavaThread "main" [_thread_in_native, id=2848, stack(0x00007fdd7eef2000,0x00007fdd7eff3000)]

Stack: [0x00007fdd7eef2000,0x00007fdd7eff3000],  sp=0x00007fdd7eff0030,  free space=1016k
Native frames: (J=compiled Java code, j=interpreted, Vv=VM code, C=native code)
C  [libjava.so+0x1d009]  JNU_GetEnv+0x19
C  [libfontmanager.so+0x33f8e]
C  [libfreetype.so.6+0x14d2b]  FT_Stream_Seek+0x1b

Java frames: (J=compiled Java code, j=interpreted, Vv=VM code)
j  sun.font.FreetypeFontScaler.initNativeScaler(Lsun/font/Font2D;IIZI)J+0 java.desktop@9-internal
j  sun.font.FreetypeFontScaler.<init>(Lsun/font/Font2D;IZI)V+26 java.desktop@9-internal
v  ~StubRoutines::call_stub
j  sun.reflect.NativeConstructorAccessorImpl.newInstance0(Ljava/lang/reflect/Constructor;[Ljava/lang/Object;)Ljava/lang/Object;+0 java.base@9-internal
j  sun.reflect.NativeConstructorAccessorImpl.newInstance([Ljava/lang/Object;)Ljava/lang/Object;+85 java.base@9-internal
J 925 C1  java.base@9-internal9-internal (9 bytes) @ 0x00007fdd6176f31c [0x00007fdd6176f220+0x00000000000000fc]
J 924 C1  java.base@9-internal9-internal (73 bytes) @ 0x00007fdd6176ece4 [0x00007fdd6176e980+0x0000000000000364]
j  sun.font.FontScaler.getScaler(Lsun/font/Font2D;IZI)Lsun/font/FontScaler;+39 java.desktop@9-internal
j  sun.font.TrueTypeFont.getScaler()Lsun/font/FontScaler;+21 java.desktop@9-internal
j  sun.font.FileFontStrike.<init>(Lsun/font/FileFont;Lsun/font/FontStrikeDesc;)V+204 java.desktop@9-internal
j  sun.font.FileFont.createStrike(Lsun/font/FontStrikeDesc;)Lsun/font/FontStrike;+18 java.desktop@9-internal
j  sun.font.Font2D.getStrike(Lsun/font/FontStrikeDesc;Z)Lsun/font/FontStrike;+92 java.desktop@9-internal
j  sun.font.Font2D.getStrike(Lsun/font/FontStrikeDesc;)Lsun/font/FontStrike;+3 java.desktop@9-internal
j  sun.font.CompositeStrike.getStrikeForSlot(I)Lsun/font/PhysicalStrike;+23 java.desktop@9-internal
j  sun.font.CompositeStrike.getFontMetrics()Lsun/font/StrikeMetrics;+31 java.desktop@9-internal
j  sun.font.FontDesignMetrics.initMatrixAndMetrics()V+28 java.desktop@9-internal
j  sun.font.FontDesignMetrics.<init>(Ljava/awt/Font;Ljava/awt/font/FontRenderContext;)V+62 java.desktop@9-internal
j  sun.font.FontDesignMetrics.getMetrics(Ljava/awt/Font;Ljava/awt/font/FontRenderContext;)Lsun/font/FontDesignMetrics;+128 java.desktop@9-internal
j  sun.java2d.SunGraphics2D.getFontMetrics()Ljava/awt/FontMetrics;+21 java.desktop@9-internal
j  uk.ac.ebi.reactionblast.graphics.direct.awtlayout.AbstractAWTLayout.getTextBounds(Ljava/awt/Graphics;Ljava/lang/String;)Ljava/awt/geom/Rectangle2D;+1
j  uk.ac.ebi.reactionblast.graphics.direct.awtlayout.LinearAtomContainerSetLayout.layout(Lorg/openscience/cdk/interfaces/IAtomContainerSet;Ljava/awt/Graphics2D;)Luk/ac/ebi/reactionblast/graphics/direct/layout/BoundsTree;+50
j  uk.ac.ebi.reactionblast.graphics.direct.awtlayout.TopToBottomAWTReactionLayout.layout(Lorg/openscience/cdk/interfaces/IReaction;Ljava/awt/Graphics2D;)Luk/ac/ebi/reactionblast/graphics/direct/layout/BoundsTree;+19
j  uk.ac.ebi.reactionblast.graphics.direct.awtlayout.TopToBottomAWTReactionLayout.layout(Ljava/lang/Object;Ljava/awt/Graphics2D;)Luk/ac/ebi/reactionblast/graphics/direct/layout/BoundsTree;+6
j  uk.ac.ebi.reactionblast.graphics.direct.DirectReactionDrawer.getExactReactionBounds(Lorg/openscience/cdk/interfaces/IReaction;Ljava/awt/Graphics2D;)Luk/ac/ebi/reactionblast/graphics/direct/layout/BoundsTree;+29
j  uk.ac.ebi.reactionblast.graphics.direct.DirectRBLastReactionDrawer.drawRBlastReaction(Luk/ac/ebi/reactionblast/mapping/helper/RBlastReaction;IILjava/awt/Graphics2D;)Ljava/awt/geom/Rectangle2D;+43
j  uk.ac.ebi.reactionblast.graphics.direct.DirectRBLastReactionDrawer.drawRBlastReaction(Luk/ac/ebi/reactionblast/mapping/helper/RBlastReaction;II)Ljava/awt/Image;+24
j  uk.ac.ebi.reactionblast.tools.ImageGenerator.drawTopToBottomReactionLayout(Ljava/io/File;Lorg/openscience/cdk/interfaces/IReaction;Ljava/lang/String;)V+237
j  uk.ac.ebi.aamtool.Helper.generateAAMImage(Ljava/lang/String;Lorg/openscience/cdk/interfaces/IReaction;Ljava/lang/String;)Ljava/io/File;+21
j  uk.ac.ebi.aamtool.Annotator.writeFiles(Ljava/lang/String;Luk/ac/ebi/reactionblast/mechanism/ReactionMechanismTool;)Z+189
j  uk.ac.ebi.aamtool.ReactionDecoder.AAMTask(Lorg/apache/commons/cli/CommandLine;Lorg/apache/commons/cli/Options;)V+409
j  uk.ac.ebi.aamtool.ReactionDecoder.main([Ljava/lang/String;)V+162
v  ~StubRoutines::call_stub

siginfo: si_signo: 11 (SIGSEGV), si_code: 1 (SEGV_MAPERR), si_addr: 0x0000000000000000

Register to memory mapping:

RAX=0x0000000000000000 is an unknown value
RBX=0x0000000000000000 is an unknown value
RCX=0x0000000000000000 is an unknown value
RDX=0x0000000000010002 is an unknown value
RSP=0x00007fdd7eff0030 is pointing into the stack for thread: 0x00007fdd78011000
RBP=0x00007fdd7eff0040 is pointing into the stack for thread: 0x00007fdd78011000
RSI=0x0000000000010002 is an unknown value
RDI=0x0000000000000000 is an unknown value
R8 =0x0000000000000000 is an unknown value
R9 =0x0000000000000000 is an unknown value
R10=0x00000000000001db is an unknown value
R11=0x00007fdd7c18bff0: JNU_GetEnv+0x0000000000000000 in /usr/lib/jvm/java-9-openjdk-amd64/lib/amd64/libjava.so at 0x00007fdd7c16f000
R12=0x00007fdd78536140 is an unknown value
R13=0x0000000000000000 is an unknown value
R14=0x0000000000000000 is an unknown value
R15=0x00007fdd78595da0 is an unknown value


Registers:
RAX=0x0000000000000000, RBX=0x0000000000000000, RCX=0x0000000000000000, RDX=0x0000000000010002
RSP=0x00007fdd7eff0030, RBP=0x00007fdd7eff0040, RSI=0x0000000000010002, RDI=0x0000000000000000
R8 =0x0000000000000000, R9 =0x0000000000000000, R10=0x00000000000001db, R11=0x00007fdd7c18bff0
R12=0x00007fdd78536140, R13=0x0000000000000000, R14=0x0000000000000000, R15=0x00007fdd78595da0
RIP=0x00007fdd7c18c009, EFLAGS=0x0000000000010246, CSGSFS=0x002b000000000033, ERR=0x0000000000000004
  TRAPNO=0x000000000000000e

Top of Stack: (sp=0x00007fdd7eff0030)
0x00007fdd7eff0030:   0000000000000000 df6153cc97d77100
0x00007fdd7eff0040:   00007fdd7eff0080 00007fdcf6889f8e
0x00007fdd7eff0050:   00007fdd785aeb10 00007fdd78536140
0x00007fdd7eff0060:   0000000000000000 0000000000000000
0x00007fdd7eff0070:   00007fdd78536140 00007fdd78595da0
0x00007fdd7eff0080:   0000000000000000 00007fdcf65c0d2b
0x00007fdd7eff0090:   0000000000000000 00007fdcf6852d80
0x00007fdd7eff00a0:   0000000000000000 00007fdcf65d48e0
0x00007fdd7eff00b0:   0000000000000002 0000003200000008
0x00007fdd7eff00c0:   0000000000000000 0000000000000000
0x00007fdd7eff00d0:   0000006e0000005b 0000000000000000
0x00007fdd7eff00e0:   0000000000000000 0000007c00000077
0x00007fdd7eff00f0:   0000000000000000 0000000000000000
0x00007fdd7eff0100:   000000004e8b41d0 468b41e04e8b45e8
0x00007fdd7eff0110:   0000000000000000 00007fdd78000020
0x00007fdd7eff0120:   0000000000000070 00007fdd7eff01d4
0x00007fdd7eff0130:   00007fdd785aeb10 00007fdd78595da0
0x00007fdd7eff0140:   00007fdd7eff01d4 00007fdd7e89a184
0x00007fdd7eff0150:   00007fdd7eff02a0 00007fdd7eff0184
0x00007fdd7eff0160:   00007fdcf684f9e0 df6153cc97d77100
0x00007fdd7eff0170:   0000000000000070 00007fdd785e0c30
0x00007fdd7eff0180:   00007fdcf684f9e0 00007fdd7eff0298
0x00007fdd7eff0190:   00007fdd785aeb10 00007fdd78595da0
0x00007fdd7eff01a0:   00007fdd785361a0 00007fdcf65c34c2
0x00007fdd7eff01b0:   0000000100000000 00007fdd7eff02a0
0x00007fdd7eff01c0:   0000000000000000 0000000000000000
0x00007fdd7eff01d0:   000000007eff0298 df6153cc97d77100
0x00007fdd7eff01e0:   00007fdd785e0c30 00007fdd7eff02a0
0x00007fdd7eff01f0:   0000000000000000 00007fdd785aea38
0x00007fdd7eff0200:   00007fdd7eff04a0 00007fdd785ae998
0x00007fdd7eff0210:   00007fdd785aeb10 00007fdcf65c5581
0x00007fdd7eff0220:   00007fdd7eff02a0 00007fdcf65c5376 

Instructions: (pc=0x00007fdd7c18c009)
0x00007fdd7c18bfe9:   ff eb ea 0f 1f 40 00 55 89 f2 48 89 e5 48 83 ec
0x00007fdd7c18bff9:   10 64 48 8b 04 25 28 00 00 00 48 89 45 f8 31 c0
0x00007fdd7c18c009:   48 8b 07 48 8d 75 f0 ff 50 30 48 8b 4d f8 64 48
0x00007fdd7c18c019:   33 0c 25 28 00 00 00 48 8b 45 f0 75 02 c9 c3 e8 


---------------  P R O C E S S  ---------------

Java Threads: ( => current thread )
  0x00007fdd7856b800 JavaThread "Java2D Disposer" daemon [_thread_blocked, id=2900, stack(0x00007fdcf78fd000,0x00007fdcf79fe000)]
  0x00007fdd7827b800 JavaThread "Service Thread" daemon [_thread_blocked, id=2870, stack(0x00007fdd1c144000,0x00007fdd1c245000)]
  0x00007fdd781cd000 JavaThread "Common-Cleaner" daemon [_thread_blocked, id=2869, stack(0x00007fdd1c245000,0x00007fdd1c346000)]
  0x00007fdd7818d800 JavaThread "Sweeper thread" daemon [_thread_blocked, id=2868, stack(0x00007fdd1f771000,0x00007fdd1f872000)]
  0x00007fdd7818b800 JavaThread "C1 CompilerThread2" daemon [_thread_blocked, id=2867, stack(0x00007fdd1f872000,0x00007fdd1f973000)]
  0x00007fdd78189800 JavaThread "C2 CompilerThread1" daemon [_thread_blocked, id=2866, stack(0x00007fdd1f973000,0x00007fdd1fa74000)]
  0x00007fdd78188000 JavaThread "C2 CompilerThread0" daemon [_thread_in_native, id=2865, stack(0x00007fdd1fa74000,0x00007fdd1fb75000)]
  0x00007fdd78183800 JavaThread "Signal Dispatcher" daemon [_thread_blocked, id=2864, stack(0x00007fdd34005000,0x00007fdd34106000)]
  0x00007fdd78181800 JavaThread "Surrogate Locker Thread (Concurrent GC)" daemon [_thread_blocked, id=2863, stack(0x00007fdd34106000,0x00007fdd34207000)]
  0x00007fdd78170000 JavaThread "Finalizer" daemon [_thread_blocked, id=2862, stack(0x00007fdd34207000,0x00007fdd34308000)]
  0x00007fdd7816c000 JavaThread "Reference Handler" daemon [_thread_blocked, id=2861, stack(0x00007fdd34308000,0x00007fdd34409000)]
=>0x00007fdd78011000 JavaThread "main" [_thread_in_native, id=2848, stack(0x00007fdd7eef2000,0x00007fdd7eff3000)]

Other Threads:
  0x00007fdd78162000 VMThread [stack: 0x00007fdd34409000,0x00007fdd3450a000] [id=2860]
  0x00007fdd7827e000 WatcherThread [stack: 0x00007fdd1c043000,0x00007fdd1c144000] [id=2871]

Threads with active compile tasks:
C2 CompilerThread02061       4       org.openscience.cdk.AtomContainer::clone (530 bytes)

VM state:not at safepoint (normal execution)

VM Mutex/Monitor currently owned by a thread: None

heap address: 0x0000000084c00000, size: 1972 MB, Compressed Oops mode: 32-bit
Narrow klass base: 0x0000000000000000, Narrow klass shift: 3
Compressed class space size: 1073741824 Address: 0x0000000100000000

Heap:
 garbage-first heap   total 25600K, used 21898K [0x0000000084c00000, 0x0000000084d000c8, 0x0000000100000000)
  region size 1024K, 11 young (11264K), 0 survivors (0K)
 Metaspace       used 17462K, capacity 18076K, committed 18176K, reserved 1064960K
  class space    used 1839K, capacity 1973K, committed 2048K, reserved 1048576K

Heap Regions: E=young(eden), S=young(survivor), O=old, HS=humongous(starts), HC=humongous(continues), CS=collection set, F=free, A=archive, TS=gc time stamp, AC=allocation context, TAMS=top-at-mark-start (previous, next)
|   0|0x0000000084c00000, 0x0000000084d00000, 0x0000000084d00000|100%| O|  |TS  0|AC  0|TAMS 0x0000000084c00000, 0x0000000084c00000|
|   1|0x0000000084d00000, 0x0000000084dfffe8, 0x0000000084e00000| 99%| O|  |TS  0|AC  0|TAMS 0x0000000084d00000, 0x0000000084d00000|
|   2|0x0000000084e00000, 0x0000000084f00000, 0x0000000084f00000|100%|HS|  |TS  0|AC  0|TAMS 0x0000000084e00000, 0x0000000084e00000|
|   3|0x0000000084f00000, 0x0000000085000000, 0x0000000085000000|100%|HC|  |TS  0|AC  0|TAMS 0x0000000084f00000, 0x0000000084f00000|
|   4|0x0000000085000000, 0x00000000850ffff8, 0x0000000085100000| 99%| O|  |TS  0|AC  0|TAMS 0x0000000085000000, 0x0000000085000000|
|   5|0x0000000085100000, 0x00000000851fff30, 0x0000000085200000| 99%| O|  |TS  0|AC  0|TAMS 0x0000000085100000, 0x0000000085100000|
|   6|0x0000000085200000, 0x00000000852fffe0, 0x0000000085300000| 99%| O|  |TS  0|AC  0|TAMS 0x0000000085200000, 0x0000000085200000|
|   7|0x0000000085300000, 0x00000000853629b0, 0x0000000085400000| 38%| O|  |TS  0|AC  0|TAMS 0x0000000085300000, 0x0000000085300000|
|   8|0x0000000085400000, 0x0000000085500000, 0x0000000085500000|100%|HS|  |TS  0|AC  0|TAMS 0x0000000085400000, 0x0000000085400000|
|   9|0x0000000085500000, 0x0000000085600000, 0x0000000085600000|100%|HC|  |TS  0|AC  0|TAMS 0x0000000085500000, 0x0000000085500000|
|  10|0x0000000085600000, 0x0000000085700000, 0x0000000085700000|100%|HC|  |TS  0|AC  0|TAMS 0x0000000085600000, 0x0000000085600000|
|  11|0x0000000085700000, 0x0000000085800000, 0x0000000085800000|100%|HC|  |TS  0|AC  0|TAMS 0x0000000085700000, 0x0000000085700000|
|  12|0x0000000085800000, 0x0000000085800000, 0x0000000085900000|  0%| F|  |TS  0|AC  0|TAMS 0x0000000085800000, 0x0000000085800000|
|  13|0x0000000085900000, 0x0000000085900000, 0x0000000085a00000|  0%| F|  |TS  0|AC  0|TAMS 0x0000000085900000, 0x0000000085900000|
|  14|0x0000000085a00000, 0x0000000085a34448, 0x0000000085b00000| 20%| E|  |TS  0|AC  0|TAMS 0x0000000085a00000, 0x0000000085a00000|
|  15|0x0000000085b00000, 0x0000000085c00000, 0x0000000085c00000|100%| E|CS|TS  0|AC  0|TAMS 0x0000000085b00000, 0x0000000085b00000|
|  16|0x0000000085c00000, 0x0000000085d00000, 0x0000000085d00000|100%| E|CS|TS  0|AC  0|TAMS 0x0000000085c00000, 0x0000000085c00000|
|  17|0x0000000085d00000, 0x0000000085e00000, 0x0000000085e00000|100%| E|CS|TS  0|AC  0|TAMS 0x0000000085d00000, 0x0000000085d00000|
|  18|0x0000000085e00000, 0x0000000085f00000, 0x0000000085f00000|100%| E|CS|TS  0|AC  0|TAMS 0x0000000085e00000, 0x0000000085e00000|
|  19|0x0000000085f00000, 0x0000000086000000, 0x0000000086000000|100%| E|CS|TS  0|AC  0|TAMS 0x0000000085f00000, 0x0000000085f00000|
|  20|0x0000000086000000, 0x0000000086100000, 0x0000000086100000|100%| E|CS|TS  0|AC  0|TAMS 0x0000000086000000, 0x0000000086000000|
|  21|0x0000000086100000, 0x0000000086200000, 0x0000000086200000|100%| E|CS|TS  0|AC  0|TAMS 0x0000000086100000, 0x0000000086100000|
|  22|0x0000000086200000, 0x0000000086300000, 0x0000000086300000|100%| E|CS|TS  0|AC  0|TAMS 0x0000000086200000, 0x0000000086200000|
|  23|0x0000000086300000, 0x0000000086400000, 0x0000000086400000|100%| E|CS|TS  0|AC  0|TAMS 0x0000000086300000, 0x0000000086300000|
|  24|0x0000000086400000, 0x0000000086500000, 0x0000000086500000|100%| E|CS|TS  0|AC  0|TAMS 0x0000000086400000, 0x0000000086400000|

Card table byte_map: [0x00007fdd3b472000,0x00007fdd3b84c000] byte_map_base: 0x00007fdd3b04c000

Marking Bits (Prev, Next): (CMBitMap*) 0x00007fdd7805fcf0, (CMBitMap*) 0x00007fdd7805fd48
 Prev Bits: [0x00007fdd391c8000, 0x00007fdd3b098000)
 Next Bits: [0x00007fdd372f8000, 0x00007fdd391c8000)

Polling page: 0x00007fdd7f012000

CodeHeap 'non-nmethods': size=5696Kb used=1244Kb max_used=1257Kb free=4451Kb
 bounds [0x00007fdd61003000, 0x00007fdd61273000, 0x00007fdd61593000]
CodeHeap 'profiled nmethods': size=120032Kb used=5603Kb max_used=5603Kb free=114428Kb
 bounds [0x00007fdd61593000, 0x00007fdd61b13000, 0x00007fdd68acb000]
CodeHeap 'non-profiled nmethods': size=120032Kb used=1096Kb max_used=1096Kb free=118935Kb
 bounds [0x00007fdd68acb000, 0x00007fdd68d3b000, 0x00007fdd70003000]
 total_blobs=3752 nmethods=2563 adapters=403
 compilation: enabled

Compilation events (10 events):
Event: 1.730 Thread 0x00007fdd78189800 2559       4       java.util.AbstractCollection::toArray (144 bytes)
Event: 1.730 Thread 0x00007fdd7818b800 nmethod 2558 0x00007fdd61b08410 code [0x00007fdd61b085c0, 0x00007fdd61b08938]
Event: 1.732 Thread 0x00007fdd7818b800 2561   !   3       java.io.RandomAccessFile::getChannel (86 bytes)
Event: 1.732 Thread 0x00007fdd7818b800 nmethod 2561 0x00007fdd61b08b10 code [0x00007fdd61b08d00, 0x00007fdd61b09548]
Event: 1.732 Thread 0x00007fdd7818b800 2562   !   3       sun.nio.ch.FileChannelImpl::size (239 bytes)
Event: 1.733 Thread 0x00007fdd7818b800 nmethod 2562 0x00007fdd61b09890 code [0x00007fdd61b09b20, 0x00007fdd61b0abf8]
Event: 1.733 Thread 0x00007fdd7818b800 2563  s    3       sun.font.TrueTypeFont::close (8 bytes)
Event: 1.733 Thread 0x00007fdd7818b800 nmethod 2563 0x00007fdd61b0b290 code [0x00007fdd61b0b420, 0x00007fdd61b0b708]
Event: 1.733 Thread 0x00007fdd7818b800 2564  s!   3       sun.font.TrueTypeFont$TTDisposerRecord::dispose (40 bytes)
Event: 1.734 Thread 0x00007fdd7818b800 nmethod 2564 0x00007fdd61b0b810 code [0x00007fdd61b0b9a0, 0x00007fdd61b0be88]

GC Heap History (10 events):
Event: 1.289 GC heap before
{Heap before GC invocations=15 (full 14):
 garbage-first heap   total 24576K, used 12394K [0x0000000084c00000, 0x0000000084d000c0, 0x0000000100000000)
  region size 1024K, 5 young (5120K), 0 survivors (0K)
 Metaspace       used 13869K, capacity 14350K, committed 14464K, reserved 1062912K
  class space    used 1481K, capacity 1586K, committed 1664K, reserved 1048576K
}
Event: 1.291 GC heap after
{Heap after GC invocations=16 (full 14):
 garbage-first heap   total 24576K, used 7856K [0x0000000084c00000, 0x0000000084d000c0, 0x0000000100000000)
  region size 1024K, 1 young (1024K), 1 survivors (1024K)
 Metaspace       used 13869K, capacity 14350K, committed 14464K, reserved 1062912K
  class space    used 1481K, capacity 1586K, committed 1664K, reserved 1048576K
}
Event: 1.312 GC heap before
{Heap before GC invocations=16 (full 14):
 garbage-first heap   total 24576K, used 12976K [0x0000000084c00000, 0x0000000084d000c0, 0x0000000100000000)
  region size 1024K, 6 young (6144K), 1 survivors (1024K)
 Metaspace       used 14017K, capacity 14574K, committed 14720K, reserved 1062912K
  class space    used 1496K, capacity 1618K, committed 1664K, reserved 1048576K
}
Event: 1.315 GC heap after
{Heap after GC invocations=17 (full 14):
 garbage-first heap   total 24576K, used 7547K [0x0000000084c00000, 0x0000000084d000c0, 0x0000000100000000)
  region size 1024K, 1 young (1024K), 1 survivors (1024K)
 Metaspace       used 14017K, capacity 14574K, committed 14720K, reserved 1062912K
  class space    used 1496K, capacity 1618K, committed 1664K, reserved 1048576K
}
Event: 1.339 GC heap before
{Heap before GC invocations=17 (full 14):
 garbage-first heap   total 24576K, used 13691K [0x0000000084c00000, 0x0000000084d000c0, 0x0000000100000000)
  region size 1024K, 7 young (7168K), 1 survivors (1024K)
 Metaspace       used 14079K, capacity 14656K, committed 14720K, reserved 1062912K
  class space    used 1502K, capacity 1627K, committed 1664K, reserved 1048576K
}
Event: 1.343 GC heap after
{Heap after GC invocations=18 (full 14):
 garbage-first heap   total 24576K, used 7530K [0x0000000084c00000, 0x0000000084d000c0, 0x0000000100000000)
  region size 1024K, 1 young (1024K), 1 survivors (1024K)
 Metaspace       used 14079K, capacity 14656K, committed 14720K, reserved 1062912K
  class space    used 1502K, capacity 1627K, committed 1664K, reserved 1048576K
}
Event: 1.373 GC heap before
{Heap before GC invocations=18 (full 14):
 garbage-first heap   total 24576K, used 14698K [0x0000000084c00000, 0x0000000084d000c0, 0x0000000100000000)
  region size 1024K, 8 young (8192K), 1 survivors (1024K)
 Metaspace       used 14125K, capacity 14656K, committed 14720K, reserved 1062912K
  class space    used 1502K, capacity 1627K, committed 1664K, reserved 1048576K
}
Event: 1.378 GC heap after
{Heap after GC invocations=19 (full 14):
 garbage-first heap   total 75776K, used 7553K [0x0000000084c00000, 0x0000000084d00250, 0x0000000100000000)
  region size 1024K, 1 young (1024K), 1 survivors (1024K)
 Metaspace       used 14125K, capacity 14656K, committed 14720K, reserved 1062912K
  class space    used 1502K, capacity 1627K, committed 1664K, reserved 1048576K
}
Event: 1.503 GC heap before
{Heap before GC invocations=19 (full 14):
 garbage-first heap   total 75776K, used 43393K [0x0000000084c00000, 0x0000000084d00250, 0x0000000100000000)
  region size 1024K, 37 young (37888K), 1 survivors (1024K)
 Metaspace       used 14258K, capacity 14784K, committed 14976K, reserved 1062912K
  class space    used 1503K, capacity 1627K, committed 1664K, reserved 1048576K
}
Event: 1.531 GC heap after
{Heap after GC invocations=20 (full 15):
 garbage-first heap   total 25600K, used 7562K [0x0000000084c00000, 0x0000000084d000c8, 0x0000000100000000)
  region size 1024K, 0 young (0K), 0 survivors (0K)
 Metaspace       used 14258K, capacity 14784K, committed 14976K, reserved 1062912K
  class space    used 1503K, capacity 1627K, committed 1664K, reserved 1048576K
}

Deoptimization events (10 events):
Event: 1.702 Thread 0x00007fdd78011000 Uncommon trap: reason=bimorphic_or_optimized_type_check action=maybe_recompile pc=0x00007fdd68b85238 method=java.util.Objects.equals(Ljava/lang/Object;Ljava/lang/Object;)Z @ 11
Event: 1.702 Thread 0x00007fdd78011000 Uncommon trap: reason=bimorphic_or_optimized_type_check action=maybe_recompile pc=0x00007fdd68b85238 method=java.util.Objects.equals(Ljava/lang/Object;Ljava/lang/Object;)Z @ 11
Event: 1.708 Thread 0x00007fdd78011000 Uncommon trap: reason=unstable_if action=reinterpret pc=0x00007fdd68ad08a0 method=java.lang.String.hashCode()I @ 20
Event: 1.708 Thread 0x00007fdd78011000 Uncommon trap: reason=unstable_if action=reinterpret pc=0x00007fdd68adad20 method=java.lang.CharacterData.of(I)Ljava/lang/CharacterData; @ 4
Event: 1.715 Thread 0x00007fdd78011000 Uncommon trap: reason=unstable_if action=reinterpret pc=0x00007fdd68afa49c method=java.lang.String.equals(Ljava/lang/Object;)Z @ 34
Event: 1.726 Thread 0x00007fdd78011000 Uncommon trap: reason=array_check action=maybe_recompile pc=0x00007fdd68bd9c9c method=java.util.AbstractCollection.toArray([Ljava/lang/Object;)[Ljava/lang/Object; @ 116
Event: 1.726 Thread 0x00007fdd78011000 Uncommon trap: reason=array_check action=maybe_recompile pc=0x00007fdd68bd9c9c method=java.util.AbstractCollection.toArray([Ljava/lang/Object;)[Ljava/lang/Object; @ 116
Event: 1.726 Thread 0x00007fdd78011000 Uncommon trap: reason=array_check action=maybe_recompile pc=0x00007fdd68bd9c9c method=java.util.AbstractCollection.toArray([Ljava/lang/Object;)[Ljava/lang/Object; @ 116
Event: 1.726 Thread 0x00007fdd78011000 Uncommon trap: reason=array_check action=maybe_recompile pc=0x00007fdd68bd9c9c method=java.util.AbstractCollection.toArray([Ljava/lang/Object;)[Ljava/lang/Object; @ 116
Event: 1.734 Thread 0x00007fdd78011000 Uncommon trap: reason=unstable_if action=reinterpret pc=0x00007fdd68b9f11c method=java.lang.ref.SoftReference.get()Ljava/lang/Object; @ 6

Classes redefined (0 events):
No events

Internal exceptions (10 events):
Event: 0.173 Thread 0x00007fdd78011000 Exception <a 'java/lang/ClassNotFoundException': java/lang/ObjectCustomizer> (0x000000008c389bf0) thrown at [/build/openjdk-9-argm_o/openjdk-9-9~b114/src/hotspot/src/share/vm/classfile/systemDictionary.cpp, line 224]
Event: 0.175 Thread 0x00007fdd78011000 Exception <a 'java/lang/ArrayIndexOutOfBoundsException': 18> (0x000000008c38c978) thrown at [/build/openjdk-9-argm_o/openjdk-9-9~b114/src/hotspot/src/share/vm/interpreter/interpreterRuntime.cpp, line 379]
Event: 0.176 Thread 0x00007fdd78011000 Exception <a 'java/lang/ArrayIndexOutOfBoundsException': 22> (0x000000008c38f6a0) thrown at [/build/openjdk-9-argm_o/openjdk-9-9~b114/src/hotspot/src/share/vm/interpreter/interpreterRuntime.cpp, line 379]
Event: 0.176 Thread 0x00007fdd78011000 Exception <a 'java/lang/ArrayIndexOutOfBoundsException': 160> (0x000000008c391628) thrown at [/build/openjdk-9-argm_o/openjdk-9-9~b114/src/hotspot/src/share/vm/interpreter/interpreterRuntime.cpp, line 379]
Event: 0.188 Thread 0x00007fdd78011000 Exception <a 'java/lang/NoSuchMethodError': java.lang.Object.of([Ljava/lang/Object;)Ljava/util/stream/Stream;> (0x000000008c3be900) thrown at [/build/openjdk-9-argm_o/openjdk-9-9~b114/src/hotspot/src/share/vm/interpreter/linkResolver.cpp, line 728]
Event: 0.195 Thread 0x00007fdd78011000 Exception <a 'java/lang/ClassNotFoundException': org/apache/log4j/LayoutCustomizer> (0x000000008c3f0ae0) thrown at [/build/openjdk-9-argm_o/openjdk-9-9~b114/src/hotspot/src/share/vm/classfile/systemDictionary.cpp, line 224]
Event: 0.196 Thread 0x00007fdd78011000 Exception <a 'java/lang/ClassNotFoundException': org/apache/log4j/PatternLayoutCustomizer> (0x000000008c3ff4a0) thrown at [/build/openjdk-9-argm_o/openjdk-9-9~b114/src/hotspot/src/share/vm/classfile/systemDictionary.cpp, line 224]
Event: 1.559 Thread 0x00007fdd78011000 Exception <a 'java/lang/ClassNotFoundException': sun/awt/resources/awtProvider> (0x00000000863901c8) thrown at [/build/openjdk-9-argm_o/openjdk-9-9~b114/src/hotspot/src/share/vm/classfile/systemDictionary.cpp, line 224]
Event: 1.562 Thread 0x00007fdd78011000 Exception <a 'java/io/FileNotFoundException'> (0x00000000863a0ea0) thrown at [/build/openjdk-9-argm_o/openjdk-9-9~b114/src/hotspot/src/share/vm/prims/jni.cpp, line 605]
Event: 1.562 Thread 0x00007fdd78011000 Exception <a 'java/io/FileNotFoundException'> (0x00000000863a3930) thrown at [/build/openjdk-9-argm_o/openjdk-9-9~b114/src/hotspot/src/share/vm/prims/jni.cpp, line 605]

Events (10 events):
Event: 1.734 loading class sun/font/StrikeCache$SoftDisposerRef
Event: 1.734 loading class sun/font/StrikeCache$DisposableStrike
Event: 1.734 loading class sun/font/StrikeCache$DisposableStrike done
Event: 1.734 loading class sun/font/StrikeCache$SoftDisposerRef done
Event: 1.734 loading class sun/font/FileFontStrike
Event: 1.734 loading class sun/font/FileFontStrike done
Event: 1.735 loading class sun/font/FontScaler
Event: 1.735 loading class sun/font/FontScaler done
Event: 1.735 loading class sun/font/FreetypeFontScaler
Event: 1.735 loading class sun/font/FreetypeFontScaler done


Dynamic libraries:
00400000-00401000 r-xp 00000000 08:02 32246840                           /usr/lib/jvm/java-9-openjdk-amd64/bin/java
00600000-00601000 r--p 00000000 08:02 32246840                           /usr/lib/jvm/java-9-openjdk-amd64/bin/java
00601000-00602000 rw-p 00001000 08:02 32246840                           /usr/lib/jvm/java-9-openjdk-amd64/bin/java
010e9000-0110a000 rw-p 00000000 00:00 0                                  [heap]
84c00000-86500000 rw-p 00000000 00:00 0 
86500000-100000000 ---p 00000000 00:00 0 
100000000-100200000 rw-p 00000000 00:00 0 
100200000-140000000 ---p 00000000 00:00 0 
7fdcd8000000-7fdcd8021000 rw-p 00000000 00:00 0 
7fdcd8021000-7fdcdc000000 ---p 00000000 00:00 0 
7fdcdc000000-7fdcdc021000 rw-p 00000000 00:00 0 
7fdcdc021000-7fdce0000000 ---p 00000000 00:00 0 
7fdce0000000-7fdce0021000 rw-p 00000000 00:00 0 
7fdce0021000-7fdce4000000 ---p 00000000 00:00 0 
7fdce4000000-7fdce4021000 rw-p 00000000 00:00 0 
7fdce4021000-7fdce8000000 ---p 00000000 00:00 0 
7fdce8000000-7fdce8021000 rw-p 00000000 00:00 0 
7fdce8021000-7fdcec000000 ---p 00000000 00:00 0 
7fdcec000000-7fdcec021000 rw-p 00000000 00:00 0 
7fdcec021000-7fdcf0000000 ---p 00000000 00:00 0 
7fdcf0000000-7fdcf0034000 rw-p 00000000 00:00 0 
7fdcf0034000-7fdcf4000000 ---p 00000000 00:00 0 
7fdcf5ea3000-7fdcf5eae000 r--s 00000000 08:02 32770162                   /var/cache/fontconfig/945677eb7aeaf62f1d50efc3fb3ec7d8-le64.cache-6
7fdcf5eae000-7fdcf5eb4000 r--s 00000000 08:02 32770144                   /var/cache/fontconfig/2cd17615ca594fa2959ae173292e504c-le64.cache-6
7fdcf5eb4000-7fdcf5ec9000 r--s 00000000 08:02 32770138                   /var/cache/fontconfig/04aabc0a78ac019cf9454389977116d2-le64.cache-6
7fdcf5ec9000-7fdcf5edc000 r--s 00000000 08:02 32770172                   /var/cache/fontconfig/d52a8644073d54c13679302ca1180695-le64.cache-6
7fdcf5edc000-7fdcf5ee7000 r--s 00000000 08:02 32770098                   /var/cache/fontconfig/d589a48862398ed80a3d6066f4f56f4c-le64.cache-6
7fdcf5ee7000-7fdcf5ef4000 r--s 00000000 08:02 32769549                   /var/cache/fontconfig/089dead882dea3570ffc31a9898cfb69-le64.cache-6
7fdcf5ef4000-7fdcf5eff000 r--s 00000000 08:02 32770160                   /var/cache/fontconfig/83bf95040141907cd45bb53cf7c1c148-le64.cache-6
7fdcf605b000-7fdcf6074000 r--s 00000000 08:02 33163131                   /usr/share/fonts/type1/gsfonts/n021003l.pfb
7fdcf6074000-7fdcf607d000 r--s 00000000 08:02 33163167                   /usr/share/fonts/type1/gsfonts/s050000l.pfb
7fdcf607d000-7fdcf6095000 r--s 00000000 08:02 33163098                   /usr/share/fonts/type1/gsfonts/c059033l.pfb
7fdcf6095000-7fdcf60a1000 r--s 00000000 08:02 33163104                   /usr/share/fonts/type1/gsfonts/d050000l.pfb
7fdcf60a1000-7fdcf60bb000 r--s 00000000 08:02 33163092                   /usr/share/fonts/type1/gsfonts/c059013l.pfb
7fdcf60bb000-7fdcf60cc000 r--s 00000000 08:02 33163116                   /usr/share/fonts/type1/gsfonts/n019024l.pfb
7fdcf60cc000-7fdcf60e7000 r--s 00000000 08:02 33163161                   /usr/share/fonts/type1/gsfonts/p052023l.pfb
7fdcf60e7000-7fdcf60f7000 r--s 00000000 08:02 33163074                   /usr/share/fonts/type1/gsfonts/a010033l.pfb
7fdcf60f7000-7fdcf6110000 r--s 00000000 08:02 33163134                   /usr/share/fonts/type1/gsfonts/n021004l.pfb
7fdcf6110000-7fdcf6126000 r--s 00000000 08:02 33163140                   /usr/share/fonts/type1/gsfonts/n021024l.pfb
7fdcf6126000-7fdcf6138000 r--s 00000000 08:02 33163110                   /usr/share/fonts/type1/gsfonts/n019004l.pfb
7fdcf6138000-7fdcf6149000 r--s 00000000 08:02 33163113                   /usr/share/fonts/type1/gsfonts/n019023l.pfb
7fdcf6149000-7fdcf615e000 r--s 00000000 08:02 33163086                   /usr/share/fonts/type1/gsfonts/b018032l.pfb
7fdcf615e000-7fdcf6174000 r--s 00000000 08:02 33163152                   /usr/share/fonts/type1/gsfonts/n022024l.pfb
7fdcf6174000-7fdcf6185000 r--s 00000000 08:02 33163077                   /usr/share/fonts/type1/gsfonts/a010035l.pfb
7fdcf6185000-7fdcf619b000 r--s 00000000 08:02 33163149                   /usr/share/fonts/type1/gsfonts/n022023l.pfb
7fdcf619b000-7fdcf61ad000 r--s 00000000 08:02 33163119                   /usr/share/fonts/type1/gsfonts/n019043l.pfb
7fdcf61ad000-7fdcf61be000 r--s 00000000 08:02 33163125                   /usr/share/fonts/type1/gsfonts/n019063l.pfb
7fdcf61be000-7fdcf61d7000 r--s 00000000 08:02 33163146                   /usr/share/fonts/type1/gsfonts/n022004l.pfb
7fdcf61d7000-7fdcf61f2000 r--s 00000000 08:02 33163095                   /usr/share/fonts/type1/gsfonts/c059016l.pfb
7fdcf61f2000-7fdcf6209000 r--s 00000000 08:02 33163137                   /usr/share/fonts/type1/gsfonts/n021023l.pfb
7fdcf6209000-7fdcf621d000 r--s 00000000 08:02 33163107                   /usr/share/fonts/type1/gsfonts/n019003l.pfb
7fdcf621d000-7fdcf622d000 r--s 00000000 08:02 33163068                   /usr/share/fonts/type1/gsfonts/a010013l.pfb
7fdcf622d000-7fdcf6246000 r--s 00000000 08:02 33163080                   /usr/share/fonts/type1/gsfonts/b018012l.pfb
7fdcf6246000-7fdcf6259000 r--s 00000000 08:02 33163128                   /usr/share/fonts/type1/gsfonts/n019064l.pfb
7fdcf6259000-7fdcf6275000 r--s 00000000 08:02 33163164                   /usr/share/fonts/type1/gsfonts/p052024l.pfb
7fdcf6275000-7fdcf6285000 r--s 00000000 08:02 33163071                   /usr/share/fonts/type1/gsfonts/a010015l.pfb
7fdcf6285000-7fdcf6298000 r--s 00000000 08:02 33163083                   /usr/share/fonts/type1/gsfonts/b018015l.pfb
7fdcf6298000-7fdcf62aa000 r--s 00000000 08:02 33163122                   /usr/share/fonts/type1/gsfonts/n019044l.pfb
7fdcf62aa000-7fdcf62c1000 r--s 00000000 08:02 33163170                   /usr/share/fonts/type1/gsfonts/z003034l.pfb
7fdcf62c1000-7fdcf62dc000 r--s 00000000 08:02 33163158                   /usr/share/fonts/type1/gsfonts/p052004l.pfb
7fdcf62dc000-7fdcf62f4000 r--s 00000000 08:02 33163101                   /usr/share/fonts/type1/gsfonts/c059036l.pfb
7fdcf62f4000-7fdcf6306000 r--s 00000000 08:02 33163089                   /usr/share/fonts/type1/gsfonts/b018035l.pfb
7fdcf6306000-7fdcf6321000 r--s 00000000 08:02 33163155                   /usr/share/fonts/type1/gsfonts/p052003l.pfb
7fdcf6321000-7fdcf632b000 r--s 00000000 08:02 33162356                   /usr/share/fonts/X11/Type1/c0611bt_.pfb
7fdcf632b000-7fdcf6334000 r--s 00000000 08:02 33162360                   /usr/share/fonts/X11/Type1/c0633bt_.pfb
7fdcf6334000-7fdcf633d000 r--s 00000000 08:02 33162364                   /usr/share/fonts/X11/Type1/c0649bt_.pfb
7fdcf633d000-7fdcf6347000 r--s 00000000 08:02 33162352                   /usr/share/fonts/X11/Type1/c0582bt_.pfb
7fdcf6347000-7fdcf6351000 r--s 00000000 08:02 33162354                   /usr/share/fonts/X11/Type1/c0583bt_.pfb
7fdcf6351000-7fdcf635b000 r--s 00000000 08:02 33162350                   /usr/share/fonts/X11/Type1/c0419bt_.pfb
7fdcf635b000-7fdcf6364000 r--s 00000000 08:02 33162358                   /usr/share/fonts/X11/Type1/c0632bt_.pfb
7fdcf6364000-7fdcf636d000 r--s 00000000 08:02 33162362                   /usr/share/fonts/X11/Type1/c0648bt_.pfb
7fdcf636d000-7fdcf636e000 r--s 00000000 08:02 32770141                   /var/cache/fontconfig/0d8c3b2ac0904cb8a57a757ad11a4a08-le64.cache-6
7fdcf636e000-7fdcf6372000 r--s 00000000 08:02 32770148                   /var/cache/fontconfig/385c0604a188198f04d133e54aba7fe7-le64.cache-6
7fdcf6372000-7fdcf6375000 r--s 00000000 08:02 32770158                   /var/cache/fontconfig/767a8244fc0220cfb567a839d0392e0b-le64.cache-6
7fdcf6375000-7fdcf6387000 r--s 00000000 08:02 32770164                   /var/cache/fontconfig/9b89f8e3dae116d678bbf48e5f21f69b-le64.cache-6
7fdcf6387000-7fdcf63ab000 r-xp 00000000 08:02 19403327                   /lib/x86_64-linux-gnu/libpng12.so.0.54.0
7fdcf63ab000-7fdcf65aa000 ---p 00024000 08:02 19403327                   /lib/x86_64-linux-gnu/libpng12.so.0.54.0
7fdcf65aa000-7fdcf65ab000 r--p 00023000 08:02 19403327                   /lib/x86_64-linux-gnu/libpng12.so.0.54.0
7fdcf65ab000-7fdcf65ac000 rw-p 00024000 08:02 19403327                   /lib/x86_64-linux-gnu/libpng12.so.0.54.0
7fdcf65ac000-7fdcf6650000 r-xp 00000000 08:02 31989838                   /usr/lib/x86_64-linux-gnu/libfreetype.so.6.12.1
7fdcf6650000-7fdcf684f000 ---p 000a4000 08:02 31989838                   /usr/lib/x86_64-linux-gnu/libfreetype.so.6.12.1
7fdcf684f000-7fdcf6855000 r--p 000a3000 08:02 31989838                   /usr/lib/x86_64-linux-gnu/libfreetype.so.6.12.1
7fdcf6855000-7fdcf6856000 rw-p 000a9000 08:02 31989838                   /usr/lib/x86_64-linux-gnu/libfreetype.so.6.12.1
7fdcf6856000-7fdcf691c000 r-xp 00000000 08:02 32376962                   /usr/lib/jvm/java-9-openjdk-amd64/lib/amd64/libfontmanager.so
7fdcf691c000-7fdcf6b1b000 ---p 000c6000 08:02 32376962                   /usr/lib/jvm/java-9-openjdk-amd64/lib/amd64/libfontmanager.so
7fdcf6b1b000-7fdcf6b1e000 r--p 000c5000 08:02 32376962                   /usr/lib/jvm/java-9-openjdk-amd64/lib/amd64/libfontmanager.so
7fdcf6b1e000-7fdcf6b1f000 rw-p 000c8000 08:02 32376962                   /usr/lib/jvm/java-9-openjdk-amd64/lib/amd64/libfontmanager.so
7fdcf6b1f000-7fdcf6ce0000 rw-p 00000000 00:00 0 
7fdcf6ce0000-7fdcf6d20000 ---p 00000000 00:00 0 
7fdcf6d20000-7fdcf6d27000 r-xp 00000000 08:02 32376978                   /usr/lib/jvm/java-9-openjdk-amd64/lib/amd64/libawt_headless.so
7fdcf6d27000-7fdcf6f26000 ---p 00007000 08:02 32376978                   /usr/lib/jvm/java-9-openjdk-amd64/lib/amd64/libawt_headless.so
7fdcf6f26000-7fdcf6f27000 r--p 00006000 08:02 32376978                   /usr/lib/jvm/java-9-openjdk-amd64/lib/amd64/libawt_headless.so
7fdcf6f27000-7fdcf6f28000 rw-p 00007000 08:02 32376978                   /usr/lib/jvm/java-9-openjdk-amd64/lib/amd64/libawt_headless.so
7fdcf6f28000-7fdcf6fc8000 r-xp 00000000 08:02 32376961                   /usr/lib/jvm/java-9-openjdk-amd64/lib/amd64/libawt.so
7fdcf6fc8000-7fdcf71c7000 ---p 000a0000 08:02 32376961                   /usr/lib/jvm/java-9-openjdk-amd64/lib/amd64/libawt.so
7fdcf71c7000-7fdcf71c8000 r--p 0009f000 08:02 32376961                   /usr/lib/jvm/java-9-openjdk-amd64/lib/amd64/libawt.so
7fdcf71c8000-7fdcf71d3000 rw-p 000a0000 08:02 32376961                   /usr/lib/jvm/java-9-openjdk-amd64/lib/amd64/libawt.so
7fdcf71d3000-7fdcf73f8000 rw-p 00000000 00:00 0 
7fdcf73f8000-7fdcf73fc000 ---p 00000000 00:00 0 
7fdcf73fc000-7fdcf74f9000 rw-p 00000000 00:00 0 
7fdcf74f9000-7fdcf74fd000 ---p 00000000 00:00 0 
7fdcf74fd000-7fdcf75fa000 rw-p 00000000 00:00 0 
7fdcf75fa000-7fdcf75fe000 ---p 00000000 00:00 0 
7fdcf75fe000-7fdcf76fb000 rw-p 00000000 00:00 0 
7fdcf76fb000-7fdcf76ff000 ---p 00000000 00:00 0 
7fdcf76ff000-7fdcf77fc000 rw-p 00000000 00:00 0 
7fdcf77fc000-7fdcf7800000 ---p 00000000 00:00 0 
7fdcf7800000-7fdcf78fd000 rw-p 00000000 00:00 0 
7fdcf78fd000-7fdcf7901000 ---p 00000000 00:00 0 
7fdcf7901000-7fdcf79fe000 rw-p 00000000 00:00 0 
7fdcf79fe000-7fdcf7a02000 ---p 00000000 00:00 0 
7fdcf7a02000-7fdcf7aff000 rw-p 00000000 00:00 0 
7fdcf7aff000-7fdcf7b03000 ---p 00000000 00:00 0 
7fdcf7b03000-7fdcf7e00000 rw-p 00000000 00:00 0 
7fdcf7e00000-7fdcf8000000 rw-p 00000000 00:00 0 
7fdcf8000000-7fdcf8021000 rw-p 00000000 00:00 0 
7fdcf8021000-7fdcfc000000 ---p 00000000 00:00 0 
7fdcfc000000-7fdcfc021000 rw-p 00000000 00:00 0 
7fdcfc021000-7fdd00000000 ---p 00000000 00:00 0 
7fdd00000000-7fdd00021000 rw-p 00000000 00:00 0 
7fdd00021000-7fdd04000000 ---p 00000000 00:00 0 
7fdd04000000-7fdd04021000 rw-p 00000000 00:00 0 
7fdd04021000-7fdd08000000 ---p 00000000 00:00 0 
7fdd08000000-7fdd08d23000 rw-p 00000000 00:00 0 
7fdd08d23000-7fdd0c000000 ---p 00000000 00:00 0 
7fdd0c000000-7fdd0c338000 rw-p 00000000 00:00 0 
7fdd0c338000-7fdd10000000 ---p 00000000 00:00 0 
7fdd10000000-7fdd10021000 rw-p 00000000 00:00 0 
7fdd10021000-7fdd14000000 ---p 00000000 00:00 0 
7fdd14000000-7fdd14b9c000 rw-p 00000000 00:00 0 
7fdd14b9c000-7fdd18000000 ---p 00000000 00:00 0 
7fdd18000000-7fdd18021000 rw-p 00000000 00:00 0 
7fdd18021000-7fdd1c000000 ---p 00000000 00:00 0 
7fdd1c000000-7fdd1c001000 r--s 00000000 08:02 32770143                   /var/cache/fontconfig/1ac9eb803944fde146138c791f5cc56a-le64.cache-6
7fdd1c001000-7fdd1c002000 r--s 00000000 08:02 32770175                   /var/cache/fontconfig/dc05db6664285cc2f12bf69c139ae4c3-le64.cache-6
7fdd1c002000-7fdd1c003000 r--s 00000000 08:02 32769233                   /var/cache/fontconfig/4794a0821666d79190d59a36cb4f44b5-le64.cache-6
7fdd1c003000-7fdd1c00a000 r--s 00000000 08:02 32770145                   /var/cache/fontconfig/3047814df9a2f067bd2d96a2b9c36e5a-le64.cache-6
7fdd1c00a000-7fdd1c022000 r--s 00000000 08:02 33163143                   /usr/share/fonts/type1/gsfonts/n022003l.pfb
7fdd1c022000-7fdd1c043000 r--p 00000000 08:02 32641827                   /usr/share/locale-langpack/zh_CN/LC_MESSAGES/libc.mo
7fdd1c043000-7fdd1c044000 ---p 00000000 00:00 0 
7fdd1c044000-7fdd1c144000 rw-p 00000000 00:00 0 
7fdd1c144000-7fdd1c148000 ---p 00000000 00:00 0 
7fdd1c148000-7fdd1c245000 rw-p 00000000 00:00 0 
7fdd1c245000-7fdd1c249000 ---p 00000000 00:00 0 
7fdd1c249000-7fdd1f347000 rw-p 00000000 00:00 0 
7fdd1f347000-7fdd1f35d000 r-xp 00000000 08:02 32376963                   /usr/lib/jvm/java-9-openjdk-amd64/lib/amd64/libnet.so
7fdd1f35d000-7fdd1f55c000 ---p 00016000 08:02 32376963                   /usr/lib/jvm/java-9-openjdk-amd64/lib/amd64/libnet.so
7fdd1f55c000-7fdd1f55d000 r--p 00015000 08:02 32376963                   /usr/lib/jvm/java-9-openjdk-amd64/lib/amd64/libnet.so
7fdd1f55d000-7fdd1f55e000 rw-p 00016000 08:02 32376963                   /usr/lib/jvm/java-9-openjdk-amd64/lib/amd64/libnet.so
7fdd1f55e000-7fdd1f56f000 r-xp 00000000 08:02 32376990                   /usr/lib/jvm/java-9-openjdk-amd64/lib/amd64/libnio.so
7fdd1f56f000-7fdd1f76f000 ---p 00011000 08:02 32376990                   /usr/lib/jvm/java-9-openjdk-amd64/lib/amd64/libnio.so
7fdd1f76f000-7fdd1f770000 r--p 00011000 08:02 32376990                   /usr/lib/jvm/java-9-openjdk-amd64/lib/amd64/libnio.so
7fdd1f770000-7fdd1f771000 rw-p 00012000 08:02 32376990                   /usr/lib/jvm/java-9-openjdk-amd64/lib/amd64/libnio.so
7fdd1f771000-7fdd1f775000 ---p 00000000 00:00 0 
7fdd1f775000-7fdd1f872000 rw-p 00000000 00:00 0 
7fdd1f872000-7fdd1f876000 ---p 00000000 00:00 0 
7fdd1f876000-7fdd1f973000 rw-p 00000000 00:00 0 
7fdd1f973000-7fdd1f977000 ---p 00000000 00:00 0 
7fdd1f977000-7fdd1fa74000 rw-p 00000000 00:00 0 
7fdd1fa74000-7fdd1fa78000 ---p 00000000 00:00 0 
7fdd1fa78000-7fdd1fb75000 rw-p 00000000 00:00 0 
7fdd1fb75000-7fdd20000000 r--p 00000000 08:02 31988071                   /usr/lib/locale/locale-archive
7fdd20000000-7fdd20021000 rw-p 00000000 00:00 0 
7fdd20021000-7fdd24000000 ---p 00000000 00:00 0 
7fdd24000000-7fdd24021000 rw-p 00000000 00:00 0 
7fdd24021000-7fdd28000000 ---p 00000000 00:00 0 
7fdd28000000-7fdd28021000 rw-p 00000000 00:00 0 
7fdd28021000-7fdd2c000000 ---p 00000000 00:00 0 
7fdd2c000000-7fdd2c054000 rw-p 00000000 00:00 0 
7fdd2c054000-7fdd30000000 ---p 00000000 00:00 0 
7fdd30000000-7fdd30021000 rw-p 00000000 00:00 0 
7fdd30021000-7fdd34000000 ---p 00000000 00:00 0 
7fdd34000000-7fdd34005000 r--s 00000000 08:02 32770161                   /var/cache/fontconfig/8801497958630a81b71ace7c5f9b32a8-le64.cache-6
7fdd34005000-7fdd34009000 ---p 00000000 00:00 0 
7fdd34009000-7fdd34106000 rw-p 00000000 00:00 0 
7fdd34106000-7fdd3410a000 ---p 00000000 00:00 0 
7fdd3410a000-7fdd34207000 rw-p 00000000 00:00 0 
7fdd34207000-7fdd3420b000 ---p 00000000 00:00 0 
7fdd3420b000-7fdd34308000 rw-p 00000000 00:00 0 
7fdd34308000-7fdd3430c000 ---p 00000000 00:00 0 
7fdd3430c000-7fdd34409000 rw-p 00000000 00:00 0 
7fdd34409000-7fdd3440a000 ---p 00000000 00:00 0 
7fdd3440a000-7fdd34d80000 rw-p 00000000 00:00 0 
7fdd34d80000-7fdd3735c000 rw-p 00000000 00:00 0 
7fdd3735c000-7fdd391c8000 ---p 00000000 00:00 0 
7fdd391c8000-7fdd3922c000 rw-p 00000000 00:00 0 
7fdd3922c000-7fdd3b098000 ---p 00000000 00:00 0 
7fdd3b098000-7fdd3b0a5000 rw-p 00000000 00:00 0 
7fdd3b0a5000-7fdd3b472000 ---p 00000000 00:00 0 
7fdd3b472000-7fdd3b47f000 rw-p 00000000 00:00 0 
7fdd3b47f000-7fdd3bc26000 ---p 00000000 00:00 0 
7fdd3bc26000-7fdd3bc33000 rw-p 00000000 00:00 0 
7fdd3bc33000-7fdd3c000000 ---p 00000000 00:00 0 
7fdd3c000000-7fdd3c021000 rw-p 00000000 00:00 0 
7fdd3c021000-7fdd40000000 ---p 00000000 00:00 0 
7fdd40000000-7fdd40021000 rw-p 00000000 00:00 0 
7fdd40021000-7fdd44000000 ---p 00000000 00:00 0 
7fdd44000000-7fdd44021000 rw-p 00000000 00:00 0 
7fdd44021000-7fdd48000000 ---p 00000000 00:00 0 
7fdd48000000-7fdd48021000 rw-p 00000000 00:00 0 
7fdd48021000-7fdd4c000000 ---p 00000000 00:00 0 
7fdd4c000000-7fdd4c021000 rw-p 00000000 00:00 0 
7fdd4c021000-7fdd50000000 ---p 00000000 00:00 0 
7fdd50000000-7fdd50021000 rw-p 00000000 00:00 0 
7fdd50021000-7fdd54000000 ---p 00000000 00:00 0 
7fdd54000000-7fdd54021000 rw-p 00000000 00:00 0 
7fdd54021000-7fdd58000000 ---p 00000000 00:00 0 
7fdd58000000-7fdd58021000 rw-p 00000000 00:00 0 
7fdd58021000-7fdd5c000000 ---p 00000000 00:00 0 
7fdd5c000000-7fdd5c021000 rw-p 00000000 00:00 0 
7fdd5c021000-7fdd60000000 ---p 00000000 00:00 0 
7fdd60000000-7fdd60001000 r--s 00000000 08:02 32770168                   /var/cache/fontconfig/bab58bb527bb656aaa9f116d68a48d89-le64.cache-6
7fdd60001000-7fdd60002000 r--s 00000000 08:02 32770152                   /var/cache/fontconfig/56cf4f4769d0f4abc89a4895d7bd3ae1-le64.cache-6
7fdd60002000-7fdd60003000 r--s 00000000 08:02 32770167                   /var/cache/fontconfig/b9d506c9ac06c20b433354fa67a72993-le64.cache-6
7fdd60003000-7fdd60009000 r--s 00000000 08:02 32770166                   /var/cache/fontconfig/b47c4e1ecd0709278f4910c18777a504-le64.cache-6
7fdd60009000-7fdd6000a000 ---p 00000000 00:00 0 
7fdd6000a000-7fdd6010a000 rw-p 00000000 00:00 0 
7fdd6010a000-7fdd6010b000 ---p 00000000 00:00 0 
7fdd6010b000-7fdd6020b000 rw-p 00000000 00:00 0 
7fdd6020b000-7fdd6020c000 ---p 00000000 00:00 0 
7fdd6020c000-7fdd6030c000 rw-p 00000000 00:00 0 
7fdd6030c000-7fdd6030d000 ---p 00000000 00:00 0 
7fdd6030d000-7fdd6040d000 rw-p 00000000 00:00 0 
7fdd6040d000-7fdd6040e000 ---p 00000000 00:00 0 
7fdd6040e000-7fdd6050e000 rw-p 00000000 00:00 0 
7fdd6050e000-7fdd6050f000 ---p 00000000 00:00 0 
7fdd6050f000-7fdd6060f000 rw-p 00000000 00:00 0 
7fdd6060f000-7fdd60610000 ---p 00000000 00:00 0 
7fdd60610000-7fdd60b14000 rw-p 00000000 00:00 0 
7fdd60b14000-7fdd60b15000 ---p 00000000 00:00 0 
7fdd60b15000-7fdd60c15000 rw-p 00000000 00:00 0 
7fdd60c15000-7fdd60c16000 ---p 00000000 00:00 0 
7fdd60c16000-7fdd60d16000 rw-p 00000000 00:00 0 
7fdd60d16000-7fdd60d17000 ---p 00000000 00:00 0 
7fdd60d17000-7fdd60e17000 rw-p 00000000 00:00 0 
7fdd60e17000-7fdd60e18000 ---p 00000000 00:00 0 
7fdd60e18000-7fdd60f1d000 rw-p 00000000 00:00 0 
7fdd60f1d000-7fdd61003000 ---p 00000000 00:00 0 
7fdd61003000-7fdd61273000 rwxp 00000000 00:00 0 
7fdd61273000-7fdd61593000 ---p 00000000 00:00 0 
7fdd61593000-7fdd61b13000 rwxp 00000000 00:00 0 
7fdd61b13000-7fdd68acb000 ---p 00000000 00:00 0 
7fdd68acb000-7fdd68d3b000 rwxp 00000000 00:00 0 
7fdd68d3b000-7fdd70003000 ---p 00000000 00:00 0 
7fdd70003000-7fdd773b2000 r--s 00000000 08:02 32246845                   /usr/lib/jvm/java-9-openjdk-amd64/lib/modules
7fdd773b2000-7fdd773b7000 r-xp 00000000 08:02 32376977                   /usr/lib/jvm/java-9-openjdk-amd64/lib/amd64/libjimage.so
7fdd773b7000-7fdd775b6000 ---p 00005000 08:02 32376977                   /usr/lib/jvm/java-9-openjdk-amd64/lib/amd64/libjimage.so
7fdd775b6000-7fdd775b7000 r--p 00004000 08:02 32376977                   /usr/lib/jvm/java-9-openjdk-amd64/lib/amd64/libjimage.so
7fdd775b7000-7fdd775b8000 rw-p 00005000 08:02 32376977                   /usr/lib/jvm/java-9-openjdk-amd64/lib/amd64/libjimage.so
7fdd775b8000-7fdd775bf000 r-xp 00000000 08:02 32376973                   /usr/lib/jvm/java-9-openjdk-amd64/lib/amd64/libzip.so
7fdd775bf000-7fdd777be000 ---p 00007000 08:02 32376973                   /usr/lib/jvm/java-9-openjdk-amd64/lib/amd64/libzip.so
7fdd777be000-7fdd777bf000 r--p 00006000 08:02 32376973                   /usr/lib/jvm/java-9-openjdk-amd64/lib/amd64/libzip.so
7fdd777bf000-7fdd777c0000 rw-p 00007000 08:02 32376973                   /usr/lib/jvm/java-9-openjdk-amd64/lib/amd64/libzip.so
7fdd777c0000-7fdd777cb000 r-xp 00000000 08:02 19398752                   /lib/x86_64-linux-gnu/libnss_files-2.23.so
7fdd777cb000-7fdd779ca000 ---p 0000b000 08:02 19398752                   /lib/x86_64-linux-gnu/libnss_files-2.23.so
7fdd779ca000-7fdd779cb000 r--p 0000a000 08:02 19398752                   /lib/x86_64-linux-gnu/libnss_files-2.23.so
7fdd779cb000-7fdd779cc000 rw-p 0000b000 08:02 19398752                   /lib/x86_64-linux-gnu/libnss_files-2.23.so
7fdd779cc000-7fdd779d2000 rw-p 00000000 00:00 0 
7fdd779d2000-7fdd779dd000 r-xp 00000000 08:02 19403203                   /lib/x86_64-linux-gnu/libnss_nis-2.23.so
7fdd779dd000-7fdd77bdc000 ---p 0000b000 08:02 19403203                   /lib/x86_64-linux-gnu/libnss_nis-2.23.so
7fdd77bdc000-7fdd77bdd000 r--p 0000a000 08:02 19403203                   /lib/x86_64-linux-gnu/libnss_nis-2.23.so
7fdd77bdd000-7fdd77bde000 rw-p 0000b000 08:02 19403203                   /lib/x86_64-linux-gnu/libnss_nis-2.23.so
7fdd77bde000-7fdd77bf4000 r-xp 00000000 08:02 19398670                   /lib/x86_64-linux-gnu/libnsl-2.23.so
7fdd77bf4000-7fdd77df3000 ---p 00016000 08:02 19398670                   /lib/x86_64-linux-gnu/libnsl-2.23.so
7fdd77df3000-7fdd77df4000 r--p 00015000 08:02 19398670                   /lib/x86_64-linux-gnu/libnsl-2.23.so
7fdd77df4000-7fdd77df5000 rw-p 00016000 08:02 19398670                   /lib/x86_64-linux-gnu/libnsl-2.23.so
7fdd77df5000-7fdd77df7000 rw-p 00000000 00:00 0 
7fdd77df7000-7fdd77dff000 r-xp 00000000 08:02 19398747                   /lib/x86_64-linux-gnu/libnss_compat-2.23.so
7fdd77dff000-7fdd77ffe000 ---p 00008000 08:02 19398747                   /lib/x86_64-linux-gnu/libnss_compat-2.23.so
7fdd77ffe000-7fdd77fff000 r--p 00007000 08:02 19398747                   /lib/x86_64-linux-gnu/libnss_compat-2.23.so
7fdd77fff000-7fdd78000000 rw-p 00008000 08:02 19398747                   /lib/x86_64-linux-gnu/libnss_compat-2.23.so
7fdd78000000-7fdd785fa000 rw-p 00000000 00:00 0 
7fdd785fa000-7fdd7c000000 ---p 00000000 00:00 0 
7fdd7c000000-7fdd7c001000 r--s 00000000 08:02 32770151                   /var/cache/fontconfig/551ecf3b0e8b0bca0f25c0944f561853-le64.cache-6
7fdd7c001000-7fdd7c008000 r--s 00000000 08:02 32245854                   /usr/lib/x86_64-linux-gnu/gconv/gconv-modules.cache
7fdd7c008000-7fdd7c08f000 rw-p 00000000 00:00 0 
7fdd7c08f000-7fdd7c16f000 ---p 00000000 00:00 0 
7fdd7c16f000-7fdd7c19a000 r-xp 00000000 08:02 32376956                   /usr/lib/jvm/java-9-openjdk-amd64/lib/amd64/libjava.so
7fdd7c19a000-7fdd7c399000 ---p 0002b000 08:02 32376956                   /usr/lib/jvm/java-9-openjdk-amd64/lib/amd64/libjava.so
7fdd7c399000-7fdd7c39a000 r--p 0002a000 08:02 32376956                   /usr/lib/jvm/java-9-openjdk-amd64/lib/amd64/libjava.so
7fdd7c39a000-7fdd7c39c000 rw-p 0002b000 08:02 32376956                   /usr/lib/jvm/java-9-openjdk-amd64/lib/amd64/libjava.so
7fdd7c39c000-7fdd7c3a9000 r-xp 00000000 08:02 32376957                   /usr/lib/jvm/java-9-openjdk-amd64/lib/amd64/libverify.so
7fdd7c3a9000-7fdd7c5a8000 ---p 0000d000 08:02 32376957                   /usr/lib/jvm/java-9-openjdk-amd64/lib/amd64/libverify.so
7fdd7c5a8000-7fdd7c5aa000 r--p 0000c000 08:02 32376957                   /usr/lib/jvm/java-9-openjdk-amd64/lib/amd64/libverify.so
7fdd7c5aa000-7fdd7c5ab000 rw-p 0000e000 08:02 32376957                   /usr/lib/jvm/java-9-openjdk-amd64/lib/amd64/libverify.so
7fdd7c5ab000-7fdd7c5b2000 r-xp 00000000 08:02 19403204                   /lib/x86_64-linux-gnu/librt-2.23.so
7fdd7c5b2000-7fdd7c7b1000 ---p 00007000 08:02 19403204                   /lib/x86_64-linux-gnu/librt-2.23.so
7fdd7c7b1000-7fdd7c7b2000 r--p 00006000 08:02 19403204                   /lib/x86_64-linux-gnu/librt-2.23.so
7fdd7c7b2000-7fdd7c7b3000 rw-p 00007000 08:02 19403204                   /lib/x86_64-linux-gnu/librt-2.23.so
7fdd7c7b3000-7fdd7c7c9000 r-xp 00000000 08:02 19403224                   /lib/x86_64-linux-gnu/libgcc_s.so.1
7fdd7c7c9000-7fdd7c9c8000 ---p 00016000 08:02 19403224                   /lib/x86_64-linux-gnu/libgcc_s.so.1
7fdd7c9c8000-7fdd7c9c9000 rw-p 00015000 08:02 19403224                   /lib/x86_64-linux-gnu/libgcc_s.so.1
7fdd7c9c9000-7fdd7cad1000 r-xp 00000000 08:02 19398661                   /lib/x86_64-linux-gnu/libm-2.23.so
7fdd7cad1000-7fdd7ccd0000 ---p 00108000 08:02 19398661                   /lib/x86_64-linux-gnu/libm-2.23.so
7fdd7ccd0000-7fdd7ccd1000 r--p 00107000 08:02 19398661                   /lib/x86_64-linux-gnu/libm-2.23.so
7fdd7ccd1000-7fdd7ccd2000 rw-p 00108000 08:02 19398661                   /lib/x86_64-linux-gnu/libm-2.23.so
7fdd7ccd2000-7fdd7ce44000 r-xp 00000000 08:02 31983750                   /usr/lib/x86_64-linux-gnu/libstdc++.so.6.0.21
7fdd7ce44000-7fdd7d044000 ---p 00172000 08:02 31983750                   /usr/lib/x86_64-linux-gnu/libstdc++.so.6.0.21
7fdd7d044000-7fdd7d04e000 r--p 00172000 08:02 31983750                   /usr/lib/x86_64-linux-gnu/libstdc++.so.6.0.21
7fdd7d04e000-7fdd7d050000 rw-p 0017c000 08:02 31983750                   /usr/lib/x86_64-linux-gnu/libstdc++.so.6.0.21
7fdd7d050000-7fdd7d054000 rw-p 00000000 00:00 0 
7fdd7d054000-7fdd7deb2000 r-xp 00000000 08:02 32376970                   /usr/lib/jvm/java-9-openjdk-amd64/lib/amd64/server/libjvm.so
7fdd7deb2000-7fdd7e0b2000 ---p 00e5e000 08:02 32376970                   /usr/lib/jvm/java-9-openjdk-amd64/lib/amd64/server/libjvm.so
7fdd7e0b2000-7fdd7e164000 r--p 00e5e000 08:02 32376970                   /usr/lib/jvm/java-9-openjdk-amd64/lib/amd64/server/libjvm.so
7fdd7e164000-7fdd7e196000 rw-p 00f10000 08:02 32376970                   /usr/lib/jvm/java-9-openjdk-amd64/lib/amd64/server/libjvm.so
7fdd7e196000-7fdd7e1db000 rw-p 00000000 00:00 0 
7fdd7e1db000-7fdd7e1f3000 r-xp 00000000 08:02 19398681                   /lib/x86_64-linux-gnu/libpthread-2.23.so
7fdd7e1f3000-7fdd7e3f2000 ---p 00018000 08:02 19398681                   /lib/x86_64-linux-gnu/libpthread-2.23.so
7fdd7e3f2000-7fdd7e3f3000 r--p 00017000 08:02 19398681                   /lib/x86_64-linux-gnu/libpthread-2.23.so
7fdd7e3f3000-7fdd7e3f4000 rw-p 00018000 08:02 19398681                   /lib/x86_64-linux-gnu/libpthread-2.23.so
7fdd7e3f4000-7fdd7e3f8000 rw-p 00000000 00:00 0 
7fdd7e3f8000-7fdd7e3fb000 r-xp 00000000 08:02 19398741                   /lib/x86_64-linux-gnu/libdl-2.23.so
7fdd7e3fb000-7fdd7e5fa000 ---p 00003000 08:02 19398741                   /lib/x86_64-linux-gnu/libdl-2.23.so
7fdd7e5fa000-7fdd7e5fb000 r--p 00002000 08:02 19398741                   /lib/x86_64-linux-gnu/libdl-2.23.so
7fdd7e5fb000-7fdd7e5fc000 rw-p 00003000 08:02 19398741                   /lib/x86_64-linux-gnu/libdl-2.23.so
7fdd7e5fc000-7fdd7e615000 r-xp 00000000 08:02 19403377                   /lib/x86_64-linux-gnu/libz.so.1.2.8
7fdd7e615000-7fdd7e814000 ---p 00019000 08:02 19403377                   /lib/x86_64-linux-gnu/libz.so.1.2.8
7fdd7e814000-7fdd7e815000 r--p 00018000 08:02 19403377                   /lib/x86_64-linux-gnu/libz.so.1.2.8
7fdd7e815000-7fdd7e816000 rw-p 00019000 08:02 19403377                   /lib/x86_64-linux-gnu/libz.so.1.2.8
7fdd7e816000-7fdd7e9d6000 r-xp 00000000 08:02 19398739                   /lib/x86_64-linux-gnu/libc-2.23.so
7fdd7e9d6000-7fdd7ebd6000 ---p 001c0000 08:02 19398739                   /lib/x86_64-linux-gnu/libc-2.23.so
7fdd7ebd6000-7fdd7ebda000 r--p 001c0000 08:02 19398739                   /lib/x86_64-linux-gnu/libc-2.23.so
7fdd7ebda000-7fdd7ebdc000 rw-p 001c4000 08:02 19398739                   /lib/x86_64-linux-gnu/libc-2.23.so
7fdd7ebdc000-7fdd7ebe0000 rw-p 00000000 00:00 0 
7fdd7ebe0000-7fdd7ebee000 r-xp 00000000 08:02 32376987                   /usr/lib/jvm/java-9-openjdk-amd64/lib/amd64/jli/libjli.so
7fdd7ebee000-7fdd7eded000 ---p 0000e000 08:02 32376987                   /usr/lib/jvm/java-9-openjdk-amd64/lib/amd64/jli/libjli.so
7fdd7eded000-7fdd7edee000 r--p 0000d000 08:02 32376987                   /usr/lib/jvm/java-9-openjdk-amd64/lib/amd64/jli/libjli.so
7fdd7edee000-7fdd7edef000 rw-p 0000e000 08:02 32376987                   /usr/lib/jvm/java-9-openjdk-amd64/lib/amd64/jli/libjli.so
7fdd7edef000-7fdd7ee15000 r-xp 00000000 08:02 19398673                   /lib/x86_64-linux-gnu/ld-2.23.so
7fdd7ee15000-7fdd7ee18000 r--s 00000000 08:02 32770157                   /var/cache/fontconfig/75114ca45c98e8a441da0ff356701271-le64.cache-6
7fdd7ee18000-7fdd7ee1b000 r--s 00000000 08:02 32770176                   /var/cache/fontconfig/e13b20fdb08344e0e664864cc2ede53d-le64.cache-6
7fdd7ee1b000-7fdd7eef2000 rw-p 00000000 00:00 0 
7fdd7eef2000-7fdd7eef6000 ---p 00000000 00:00 0 
7fdd7eef6000-7fdd7eff7000 rw-p 00000000 00:00 0 
7fdd7eff7000-7fdd7eff8000 r--s 00000000 08:02 32770146                   /var/cache/fontconfig/30829fa25452a46451e813d634d7f916-le64.cache-6
7fdd7eff8000-7fdd7eff9000 r--s 00000000 08:02 32770140                   /var/cache/fontconfig/0c9eb80ebd1c36541ebe2852d3bb0c49-le64.cache-6
7fdd7eff9000-7fdd7effd000 r--s 00000000 08:02 32768041                   /var/cache/fontconfig/7ef2298fde41cc6eeb7af42e48b7d293-le64.cache-6
7fdd7effd000-7fdd7f002000 rw-p 00000000 00:00 0 
7fdd7f002000-7fdd7f009000 ---p 00000000 00:00 0 
7fdd7f009000-7fdd7f011000 rw-s 00000000 08:02 18350228                   /tmp/hsperfdata_ywu672/2847
7fdd7f011000-7fdd7f012000 rw-p 00000000 00:00 0 
7fdd7f012000-7fdd7f013000 r--p 00000000 00:00 0 
7fdd7f013000-7fdd7f014000 rw-p 00000000 00:00 0 
7fdd7f014000-7fdd7f015000 r--p 00025000 08:02 19398673                   /lib/x86_64-linux-gnu/ld-2.23.so
7fdd7f015000-7fdd7f016000 rw-p 00026000 08:02 19398673                   /lib/x86_64-linux-gnu/ld-2.23.so
7fdd7f016000-7fdd7f017000 rw-p 00000000 00:00 0 
7ffeeee30000-7ffeeee52000 rw-p 00000000 00:00 0                          [stack]
7ffeeefb4000-7ffeeefb7000 r--p 00000000 00:00 0                          [vvar]
7ffeeefb7000-7ffeeefb9000 r-xp 00000000 00:00 0                          [vdso]
ffffffffff600000-ffffffffff601000 r-xp 00000000 00:00 0                  [vsyscall]

VM Arguments:
java_command: rdt-1.5.0-SNAPSHOT-jar-with-dependencies.jar -Q SMI -q CC(O)CC(=O)OC(C)CC(O)=O.O[H]>>[H]OC(=O)CC(C)O.CC(O)CC(O)=O -g -j AAM -f TEXT
java_class_path (initial): rdt-1.5.0-SNAPSHOT-jar-with-dependencies.jar
Launcher Type: SUN_STANDARD

Environment Variables:
JAVA_HOME=/usr/lib/jvm/java-1.7.0-openjdk-amd64
JRE_HOME=/usr/lib/jvm/java-1.7.0-openjdk-amd64/jre
PATH=/home/ywu672/anaconda3/bin:/home/ywu672/bin:/home/ywu672/.local/bin:/usr/local/GraphicsMagick-1.3.29/bin:/usr/local/sbin:/usr/local/bin:/usr/sbin:/usr/bin:/sbin:/bin:/usr/games:/usr/local/games:/snap/bin:/usr/lib/jvm/java-1.7.0-openjdk-amd64/bin:/usr/lib/jvm/java-1.7.0-openjdk-amd64/jre/bin
LD_LIBRARY_PATH=/usr/local/lib:/usr/local/GraphicsMagick-1.3.29/lib:
SHELL=/bin/bash
DISPLAY=:0

Signal Handlers:
SIGSEGV: [libjvm.so+0xc12c20], sa_mask[0]=11111111011111111101111111111110, sa_flags=SA_RESTART|SA_SIGINFO
SIGBUS: [libjvm.so+0xc12c20], sa_mask[0]=11111111011111111101111111111110, sa_flags=SA_RESTART|SA_SIGINFO
SIGFPE: [libjvm.so+0xc12c20], sa_mask[0]=11111111011111111101111111111110, sa_flags=SA_RESTART|SA_SIGINFO
SIGPIPE: [libjvm.so+0xa3b600], sa_mask[0]=11111111011111111101111111111110, sa_flags=SA_RESTART|SA_SIGINFO
SIGXFSZ: [libjvm.so+0xa3b600], sa_mask[0]=11111111011111111101111111111110, sa_flags=SA_RESTART|SA_SIGINFO
SIGILL: [libjvm.so+0xc12c20], sa_mask[0]=11111111011111111101111111111110, sa_flags=SA_RESTART|SA_SIGINFO
SIGUSR2: [libjvm.so+0xa3b4a0], sa_mask[0]=00000000000000000000000000000000, sa_flags=SA_RESTART|SA_SIGINFO
SIGHUP: [libjvm.so+0xa3b870], sa_mask[0]=11111111011111111101111111111110, sa_flags=SA_RESTART|SA_SIGINFO
SIGINT: [libjvm.so+0xa3b870], sa_mask[0]=11111111011111111101111111111110, sa_flags=SA_RESTART|SA_SIGINFO
SIGTERM: [libjvm.so+0xa3b870], sa_mask[0]=11111111011111111101111111111110, sa_flags=SA_RESTART|SA_SIGINFO
SIGQUIT: [libjvm.so+0xa3b870], sa_mask[0]=11111111011111111101111111111110, sa_flags=SA_RESTART|SA_SIGINFO


---------------  S Y S T E M  ---------------

OS:DISTRIB_ID=Ubuntu
DISTRIB_RELEASE=16.04
DISTRIB_CODENAME=xenial
DISTRIB_DESCRIPTION="Ubuntu 16.04.3 LTS"
uname:Linux 4.13.0-43-generic #48~16.04.1-Ubuntu SMP Thu May 17 12:56:46 UTC 2018 x86_64
libc:glibc 2.23 NPTL 2.23 
rlimit: STACK 8192k, CORE 0k, NPROC 31192, NOFILE 1048576, AS infinity
load average:1.63 1.85 2.18

/proc/meminfo:
MemTotal:        8074496 kB
MemFree:          654928 kB
MemAvailable:     861448 kB
Buffers:           31572 kB
Cached:           876568 kB
SwapCached:       209076 kB
Active:          6084464 kB
Inactive:        1067784 kB
Active(anon):    5858044 kB
Inactive(anon):   889272 kB
Active(file):     226420 kB
Inactive(file):   178512 kB
Unevictable:          48 kB
Mlocked:              48 kB
SwapTotal:       8294396 kB
SwapFree:        1863420 kB
Dirty:               136 kB
Writeback:             0 kB
AnonPages:       6164768 kB
Mapped:           561972 kB
Shmem:            502940 kB
Slab:             109512 kB
SReclaimable:      51984 kB
SUnreclaim:        57528 kB
KernelStack:       12592 kB
PageTables:        78008 kB
NFS_Unstable:          0 kB
Bounce:                0 kB
WritebackTmp:          0 kB
CommitLimit:    12331644 kB
Committed_AS:   19208204 kB
VmallocTotal:   34359738367 kB
VmallocUsed:           0 kB
VmallocChunk:          0 kB
HardwareCorrupted:     0 kB
AnonHugePages:         0 kB
ShmemHugePages:        0 kB
ShmemPmdMapped:        0 kB
CmaTotal:              0 kB
CmaFree:               0 kB
HugePages_Total:       0
HugePages_Free:        0
HugePages_Rsvd:        0
HugePages_Surp:        0
Hugepagesize:       2048 kB
DirectMap4k:      236068 kB
DirectMap2M:     8058880 kB
DirectMap1G:           0 kB


CPU:total 4 (4 cores per cpu, 1 threads per core) family 6 model 158 stepping 9, cmov, cx8, fxsr, mmx, sse, sse2, sse3, ssse3, sse4.1, sse4.2, popcnt, avx, avx2, aes, clmul, erms, 3dnowpref, lzcnt, tsc, tscinvbit, bmi1, bmi2, adx

CPU Model and flags from /proc/cpuinfo:
model name	: Intel(R) Core(TM) i5-7400 CPU @ 3.00GHz
flags		: fpu vme de pse tsc msr pae mce cx8 apic sep mtrr pge mca cmov pat pse36 clflush dts acpi mmx fxsr sse sse2 ss ht tm pbe syscall nx pdpe1gb rdtscp lm constant_tsc art arch_perfmon pebs bts rep_good nopl xtopology nonstop_tsc cpuid aperfmperf tsc_known_freq pni pclmulqdq dtes64 monitor ds_cpl vmx est tm2 ssse3 sdbg fma cx16 xtpr pdcm pcid sse4_1 sse4_2 x2apic movbe popcnt tsc_deadline_timer aes xsave avx f16c rdrand lahf_lm abm 3dnowprefetch cpuid_fault epb invpcid_single pti retpoline intel_pt rsb_ctxsw spec_ctrl tpr_shadow vnmi flexpriority ept vpid fsgsbase tsc_adjust bmi1 avx2 smep bmi2 erms invpcid mpx rdseed adx smap clflushopt xsaveopt xsavec xgetbv1 xsaves dtherm ida arat pln pts hwp hwp_notify hwp_act_window hwp_epp

Memory: 4k page, physical 8074496k(654928k free), swap 8294396k(1863420k free)

vm_info: OpenJDK 64-Bit Server VM (9-internal+0-2016-04-14-195246.buildd.src) for linux-amd64 JRE (9-internal+0-2016-04-14-195246.buildd.src), built on Apr 14 2016 20:05:37 by "buildd" with gcc 5.3.1 20160413

END.
